[0.755s] Invoking command in '/home/mnt/Desktop/tasc_autonav_combined/build/giskard_description': CMAKE_PREFIX_PATH=/home/mnt/Desktop/tasc_autonav_combined/install/autonomy_vision:/opt/ros/humble /usr/bin/cmake /home/mnt/Desktop/tasc_autonav_combined/tasc_autonomy/giskard_description -DCMAKE_INSTALL_PREFIX=/home/mnt/Desktop/tasc_autonav_combined/install/giskard_description
[1.294s] -- The C compiler identification is GNU 11.4.0
[1.743s] -- The CXX compiler identification is GNU 11.4.0
[1.793s] -- Detecting C compiler ABI info
[2.230s] -- Detecting C compiler ABI info - done
[2.249s] -- Check for working C compiler: /usr/bin/cc - skipped
[2.249s] -- Detecting C compile features
[2.249s] -- Detecting C compile features - done
[2.249s] -- Detecting CXX compiler ABI info
[2.619s] -- Detecting CXX compiler ABI info - done
[2.645s] -- Check for working CXX compiler: /usr/bin/c++ - skipped
[2.645s] -- Detecting CXX compile features
[2.645s] -- Detecting CXX compile features - done
[2.680s] -- Found ament_cmake: 1.3.13 (/opt/ros/humble/share/ament_cmake/cmake)
[3.310s] -- Found Python3: /usr/bin/python3 (found version "3.10.12") found components: Interpreter 
[3.749s] -- Configuring done
[3.757s] -- Generating done
[3.757s] -- Build files have been written to: /home/mnt/Desktop/tasc_autonav_combined/build/giskard_description
[3.779s] Invoked command in '/home/mnt/Desktop/tasc_autonav_combined/build/giskard_description' returned '0': CMAKE_PREFIX_PATH=/home/mnt/Desktop/tasc_autonav_combined/install/autonomy_vision:/opt/ros/humble /usr/bin/cmake /home/mnt/Desktop/tasc_autonav_combined/tasc_autonomy/giskard_description -DCMAKE_INSTALL_PREFIX=/home/mnt/Desktop/tasc_autonav_combined/install/giskard_description
[3.781s] Invoking command in '/home/mnt/Desktop/tasc_autonav_combined/build/giskard_description': CMAKE_PREFIX_PATH=/home/mnt/Desktop/tasc_autonav_combined/install/autonomy_vision:/opt/ros/humble /usr/bin/cmake --build /home/mnt/Desktop/tasc_autonav_combined/build/giskard_description -- -j4 -l4
[3.915s] Invoked command in '/home/mnt/Desktop/tasc_autonav_combined/build/giskard_description' returned '0': CMAKE_PREFIX_PATH=/home/mnt/Desktop/tasc_autonav_combined/install/autonomy_vision:/opt/ros/humble /usr/bin/cmake --build /home/mnt/Desktop/tasc_autonav_combined/build/giskard_description -- -j4 -l4
[3.980s] Invoking command in '/home/mnt/Desktop/tasc_autonav_combined/build/giskard_description': CMAKE_PREFIX_PATH=/home/mnt/Desktop/tasc_autonav_combined/install/autonomy_vision:/opt/ros/humble /usr/bin/cmake --install /home/mnt/Desktop/tasc_autonav_combined/build/giskard_description
[4.017s] -- Install configuration: ""
[4.017s] -- Installing: /home/mnt/Desktop/tasc_autonav_combined/install/giskard_description/share/giskard_description/launch
[4.017s] -- Installing: /home/mnt/Desktop/tasc_autonav_combined/install/giskard_description/share/giskard_description/launch/test.launch.py
[4.020s] -- Installing: /home/mnt/Desktop/tasc_autonav_combined/install/giskard_description/share/giskard_description/rviz
[4.020s] -- Installing: /home/mnt/Desktop/tasc_autonav_combined/install/giskard_description/share/giskard_description/rviz/test.rviz
[4.020s] -- Installing: /home/mnt/Desktop/tasc_autonav_combined/install/giskard_description/share/giskard_description/config
[4.020s] -- Installing: /home/mnt/Desktop/tasc_autonav_combined/install/giskard_description/share/giskard_description/config/navsat_transform.yaml
[4.020s] -- Installing: /home/mnt/Desktop/tasc_autonav_combined/install/giskard_description/share/giskard_description/config/ekf_local_old.yaml
[4.024s] -- Installing: /home/mnt/Desktop/tasc_autonav_combined/install/giskard_description/share/giskard_description/config/sam_bot_ros2_control.yaml
[4.024s] -- Installing: /home/mnt/Desktop/tasc_autonav_combined/install/giskard_description/share/giskard_description/config/navsat_transform_old.yaml
[4.024s] -- Installing: /home/mnt/Desktop/tasc_autonav_combined/install/giskard_description/share/giskard_description/config/nav2_params.yaml
[4.025s] -- Installing: /home/mnt/Desktop/tasc_autonav_combined/install/giskard_description/share/giskard_description/config/ekf.yaml:Zone.Identifier
[4.026s] -- Installing: /home/mnt/Desktop/tasc_autonav_combined/install/giskard_description/share/giskard_description/config/ekf_global.yaml
[4.026s] -- Installing: /home/mnt/Desktop/tasc_autonav_combined/install/giskard_description/share/giskard_description/config/ekf_local.yaml
[4.026s] -- Installing: /home/mnt/Desktop/tasc_autonav_combined/install/giskard_description/share/giskard_description/config/ekf_global_old.yaml
[4.026s] -- Installing: /home/mnt/Desktop/tasc_autonav_combined/install/giskard_description/share/giskard_description/config/ekf.yaml
[4.029s] -- Installing: /home/mnt/Desktop/tasc_autonav_combined/install/giskard_description/share/giskard_description/urdf
[4.029s] -- Installing: /home/mnt/Desktop/tasc_autonav_combined/install/giskard_description/share/giskard_description/urdf/orbbec_depth_camera.xacro
[4.029s] -- Installing: /home/mnt/Desktop/tasc_autonav_combined/install/giskard_description/share/giskard_description/urdf/robot.urdf.xacro
[4.029s] -- Installing: /home/mnt/Desktop/tasc_autonav_combined/install/giskard_description/share/giskard_description/urdf/giskard_base.urdf
[4.029s] -- Installing: /home/mnt/Desktop/tasc_autonav_combined/install/giskard_description/share/giskard_description/urdf/lidar.xacro
[4.029s] -- Installing: /home/mnt/Desktop/tasc_autonav_combined/install/giskard_description/share/giskard_description/urdf/inertial.xacro
[4.029s] -- Installing: /home/mnt/Desktop/tasc_autonav_combined/install/giskard_description/share/giskard_description/urdf/giskard_base.xacro
[4.029s] -- Installing: /home/mnt/Desktop/tasc_autonav_combined/install/giskard_description/share/giskard_description/urdf/gps.xacro
[4.029s] -- Installing: /home/mnt/Desktop/tasc_autonav_combined/install/giskard_description/share/giskard_description/urdf/imu.xacro
[4.029s] -- Installing: /home/mnt/Desktop/tasc_autonav_combined/install/giskard_description/share/giskard_description/meshes
[4.029s] -- Installing: /home/mnt/Desktop/tasc_autonav_combined/install/giskard_description/share/giskard_description/meshes/orbbec_meshes
[4.029s] -- Installing: /home/mnt/Desktop/tasc_autonav_combined/install/giskard_description/share/giskard_description/meshes/orbbec_meshes/camera_botter_screw_frame.STL
[4.031s] -- Installing: /home/mnt/Desktop/tasc_autonav_combined/install/giskard_description/share/giskard_description/meshes/orbbec_meshes/gemini2_base_link.STL
[4.042s] -- Installing: /home/mnt/Desktop/tasc_autonav_combined/install/giskard_description/share/giskard_description/meshes/orbbec_meshes/camera_infra1_optical_frame.STL
[4.045s] -- Installing: /home/mnt/Desktop/tasc_autonav_combined/install/giskard_description/share/giskard_description/meshes/orbbec_meshes/camera_color_frame.STL
[4.045s] -- Installing: /home/mnt/Desktop/tasc_autonav_combined/install/giskard_description/share/giskard_description/meshes/orbbec_meshes/camera_depth_frame.STL
[4.049s] -- Installing: /home/mnt/Desktop/tasc_autonav_combined/install/giskard_description/share/giskard_description/meshes/orbbec_meshes/camera_infra2_optical_frame.STL
[4.061s] -- Installing: /home/mnt/Desktop/tasc_autonav_combined/install/giskard_description/share/giskard_description/meshes/orbbec_meshes/camera_infra2_frame.STL
[4.061s] -- Installing: /home/mnt/Desktop/tasc_autonav_combined/install/giskard_description/share/giskard_description/meshes/orbbec_meshes/base_link.STL
[4.065s] -- Installing: /home/mnt/Desktop/tasc_autonav_combined/install/giskard_description/share/giskard_description/meshes/orbbec_meshes/camera_infra1_frame.STL
[4.065s] -- Installing: /home/mnt/Desktop/tasc_autonav_combined/install/giskard_description/share/giskard_description/meshes/orbbec_meshes/camera_color_optical_frame.STL
[4.075s] -- Installing: /home/mnt/Desktop/tasc_autonav_combined/install/giskard_description/share/giskard_description/src
[4.075s] -- Installing: /home/mnt/Desktop/tasc_autonav_combined/install/giskard_description/share/giskard_description/src/README.md
[4.075s] -- Installing: /home/mnt/Desktop/tasc_autonav_combined/install/giskard_description/share/giskard_description/include
[4.075s] -- Installing: /home/mnt/Desktop/tasc_autonav_combined/install/giskard_description/share/giskard_description/include/giskard_description
[4.075s] -- Installing: /home/mnt/Desktop/tasc_autonav_combined/install/giskard_description/share/giskard_description/include/giskard_description/README.md
[4.075s] -- Installing: /home/mnt/Desktop/tasc_autonav_combined/install/giskard_description/share/ament_index/resource_index/package_run_dependencies/giskard_description
[4.075s] -- Installing: /home/mnt/Desktop/tasc_autonav_combined/install/giskard_description/share/ament_index/resource_index/parent_prefix_path/giskard_description
[4.075s] -- Installing: /home/mnt/Desktop/tasc_autonav_combined/install/giskard_description/share/giskard_description/environment/ament_prefix_path.sh
[4.076s] -- Installing: /home/mnt/Desktop/tasc_autonav_combined/install/giskard_description/share/giskard_description/environment/ament_prefix_path.dsv
[4.076s] -- Installing: /home/mnt/Desktop/tasc_autonav_combined/install/giskard_description/share/giskard_description/environment/path.sh
[4.076s] -- Installing: /home/mnt/Desktop/tasc_autonav_combined/install/giskard_description/share/giskard_description/environment/path.dsv
[4.076s] -- Installing: /home/mnt/Desktop/tasc_autonav_combined/install/giskard_description/share/giskard_description/local_setup.bash
[4.076s] -- Installing: /home/mnt/Desktop/tasc_autonav_combined/install/giskard_description/share/giskard_description/local_setup.sh
[4.076s] -- Installing: /home/mnt/Desktop/tasc_autonav_combined/install/giskard_description/share/giskard_description/local_setup.zsh
[4.076s] -- Installing: /home/mnt/Desktop/tasc_autonav_combined/install/giskard_description/share/giskard_description/local_setup.dsv
[4.077s] -- Installing: /home/mnt/Desktop/tasc_autonav_combined/install/giskard_description/share/giskard_description/package.dsv
[4.098s] -- Installing: /home/mnt/Desktop/tasc_autonav_combined/install/giskard_description/share/ament_index/resource_index/packages/giskard_description
[4.098s] -- Installing: /home/mnt/Desktop/tasc_autonav_combined/install/giskard_description/share/giskard_description/cmake/giskard_descriptionConfig.cmake
[4.098s] -- Installing: /home/mnt/Desktop/tasc_autonav_combined/install/giskard_description/share/giskard_description/cmake/giskard_descriptionConfig-version.cmake
[4.098s] -- Installing: /home/mnt/Desktop/tasc_autonav_combined/install/giskard_description/share/giskard_description/package.xml
[4.162s] Invoked command in '/home/mnt/Desktop/tasc_autonav_combined/build/giskard_description' returned '0': CMAKE_PREFIX_PATH=/home/mnt/Desktop/tasc_autonav_combined/install/autonomy_vision:/opt/ros/humble /usr/bin/cmake --install /home/mnt/Desktop/tasc_autonav_combined/build/giskard_description
