running egg_info
creating ../build/autonomy_vision/autonomy_vision.egg-info
writing ../build/autonomy_vision/autonomy_vision.egg-info/PKG-INFO
writing dependency_links to ../build/autonomy_vision/autonomy_vision.egg-info/dependency_links.txt
writing entry points to ../build/autonomy_vision/autonomy_vision.egg-info/entry_points.txt
writing requirements to ../build/autonomy_vision/autonomy_vision.egg-info/requires.txt
writing top-level names to ../build/autonomy_vision/autonomy_vision.egg-info/top_level.txt
writing manifest file '../build/autonomy_vision/autonomy_vision.egg-info/SOURCES.txt'
reading manifest file '../build/autonomy_vision/autonomy_vision.egg-info/SOURCES.txt'
adding license file 'LICENSE'
writing manifest file '../build/autonomy_vision/autonomy_vision.egg-info/SOURCES.txt'
running build
running build_py
creating /home/mnt/tasc_autonomy/build/autonomy_vision/build
creating /home/mnt/tasc_autonomy/build/autonomy_vision/build/lib
creating /home/mnt/tasc_autonomy/build/autonomy_vision/build/lib/autonomy_vision
copying autonomy_vision/panorama_stitcher.py -> /home/mnt/tasc_autonomy/build/autonomy_vision/build/lib/autonomy_vision
copying autonomy_vision/display_images.py -> /home/mnt/tasc_autonomy/build/autonomy_vision/build/lib/autonomy_vision
copying autonomy_vision/new_pano_stitcher.py -> /home/mnt/tasc_autonomy/build/autonomy_vision/build/lib/autonomy_vision
copying autonomy_vision/panorama_stitcher_with_heading.py -> /home/mnt/tasc_autonomy/build/autonomy_vision/build/lib/autonomy_vision
copying autonomy_vision/gst_pose_cam.py -> /home/mnt/tasc_autonomy/build/autonomy_vision/build/lib/autonomy_vision
copying autonomy_vision/display_heading_imu.py -> /home/mnt/tasc_autonomy/build/autonomy_vision/build/lib/autonomy_vision
copying autonomy_vision/gst_arm_cam.py -> /home/mnt/tasc_autonomy/build/autonomy_vision/build/lib/autonomy_vision
copying autonomy_vision/camera_mjpeg_publisher.py -> /home/mnt/tasc_autonomy/build/autonomy_vision/build/lib/autonomy_vision
copying autonomy_vision/yolo_depth_v1.py -> /home/mnt/tasc_autonomy/build/autonomy_vision/build/lib/autonomy_vision
copying autonomy_vision/yolo_pc.py -> /home/mnt/tasc_autonomy/build/autonomy_vision/build/lib/autonomy_vision
copying autonomy_vision/__init__.py -> /home/mnt/tasc_autonomy/build/autonomy_vision/build/lib/autonomy_vision
copying autonomy_vision/display_heading.py -> /home/mnt/tasc_autonomy/build/autonomy_vision/build/lib/autonomy_vision
copying autonomy_vision/yolo_depth_v2.py -> /home/mnt/tasc_autonomy/build/autonomy_vision/build/lib/autonomy_vision
running install
running install_lib
creating /home/mnt/tasc_autonomy/install/autonomy_vision/lib/python3.10/site-packages/autonomy_vision
copying /home/mnt/tasc_autonomy/build/autonomy_vision/build/lib/autonomy_vision/panorama_stitcher.py -> /home/mnt/tasc_autonomy/install/autonomy_vision/lib/python3.10/site-packages/autonomy_vision
copying /home/mnt/tasc_autonomy/build/autonomy_vision/build/lib/autonomy_vision/display_images.py -> /home/mnt/tasc_autonomy/install/autonomy_vision/lib/python3.10/site-packages/autonomy_vision
copying /home/mnt/tasc_autonomy/build/autonomy_vision/build/lib/autonomy_vision/new_pano_stitcher.py -> /home/mnt/tasc_autonomy/install/autonomy_vision/lib/python3.10/site-packages/autonomy_vision
copying /home/mnt/tasc_autonomy/build/autonomy_vision/build/lib/autonomy_vision/panorama_stitcher_with_heading.py -> /home/mnt/tasc_autonomy/install/autonomy_vision/lib/python3.10/site-packages/autonomy_vision
copying /home/mnt/tasc_autonomy/build/autonomy_vision/build/lib/autonomy_vision/gst_pose_cam.py -> /home/mnt/tasc_autonomy/install/autonomy_vision/lib/python3.10/site-packages/autonomy_vision
copying /home/mnt/tasc_autonomy/build/autonomy_vision/build/lib/autonomy_vision/display_heading_imu.py -> /home/mnt/tasc_autonomy/install/autonomy_vision/lib/python3.10/site-packages/autonomy_vision
copying /home/mnt/tasc_autonomy/build/autonomy_vision/build/lib/autonomy_vision/gst_arm_cam.py -> /home/mnt/tasc_autonomy/install/autonomy_vision/lib/python3.10/site-packages/autonomy_vision
copying /home/mnt/tasc_autonomy/build/autonomy_vision/build/lib/autonomy_vision/camera_mjpeg_publisher.py -> /home/mnt/tasc_autonomy/install/autonomy_vision/lib/python3.10/site-packages/autonomy_vision
copying /home/mnt/tasc_autonomy/build/autonomy_vision/build/lib/autonomy_vision/yolo_depth_v1.py -> /home/mnt/tasc_autonomy/install/autonomy_vision/lib/python3.10/site-packages/autonomy_vision
copying /home/mnt/tasc_autonomy/build/autonomy_vision/build/lib/autonomy_vision/yolo_pc.py -> /home/mnt/tasc_autonomy/install/autonomy_vision/lib/python3.10/site-packages/autonomy_vision
copying /home/mnt/tasc_autonomy/build/autonomy_vision/build/lib/autonomy_vision/__init__.py -> /home/mnt/tasc_autonomy/install/autonomy_vision/lib/python3.10/site-packages/autonomy_vision
copying /home/mnt/tasc_autonomy/build/autonomy_vision/build/lib/autonomy_vision/display_heading.py -> /home/mnt/tasc_autonomy/install/autonomy_vision/lib/python3.10/site-packages/autonomy_vision
copying /home/mnt/tasc_autonomy/build/autonomy_vision/build/lib/autonomy_vision/yolo_depth_v2.py -> /home/mnt/tasc_autonomy/install/autonomy_vision/lib/python3.10/site-packages/autonomy_vision
byte-compiling /home/mnt/tasc_autonomy/install/autonomy_vision/lib/python3.10/site-packages/autonomy_vision/panorama_stitcher.py to panorama_stitcher.cpython-310.pyc
byte-compiling /home/mnt/tasc_autonomy/install/autonomy_vision/lib/python3.10/site-packages/autonomy_vision/display_images.py to display_images.cpython-310.pyc
byte-compiling /home/mnt/tasc_autonomy/install/autonomy_vision/lib/python3.10/site-packages/autonomy_vision/new_pano_stitcher.py to new_pano_stitcher.cpython-310.pyc
byte-compiling /home/mnt/tasc_autonomy/install/autonomy_vision/lib/python3.10/site-packages/autonomy_vision/panorama_stitcher_with_heading.py to panorama_stitcher_with_heading.cpython-310.pyc
byte-compiling /home/mnt/tasc_autonomy/install/autonomy_vision/lib/python3.10/site-packages/autonomy_vision/gst_pose_cam.py to gst_pose_cam.cpython-310.pyc
byte-compiling /home/mnt/tasc_autonomy/install/autonomy_vision/lib/python3.10/site-packages/autonomy_vision/display_heading_imu.py to display_heading_imu.cpython-310.pyc
byte-compiling /home/mnt/tasc_autonomy/install/autonomy_vision/lib/python3.10/site-packages/autonomy_vision/gst_arm_cam.py to gst_arm_cam.cpython-310.pyc
byte-compiling /home/mnt/tasc_autonomy/install/autonomy_vision/lib/python3.10/site-packages/autonomy_vision/camera_mjpeg_publisher.py to camera_mjpeg_publisher.cpython-310.pyc
byte-compiling /home/mnt/tasc_autonomy/install/autonomy_vision/lib/python3.10/site-packages/autonomy_vision/yolo_depth_v1.py to yolo_depth_v1.cpython-310.pyc
byte-compiling /home/mnt/tasc_autonomy/install/autonomy_vision/lib/python3.10/site-packages/autonomy_vision/yolo_pc.py to yolo_pc.cpython-310.pyc
byte-compiling /home/mnt/tasc_autonomy/install/autonomy_vision/lib/python3.10/site-packages/autonomy_vision/__init__.py to __init__.cpython-310.pyc
byte-compiling /home/mnt/tasc_autonomy/install/autonomy_vision/lib/python3.10/site-packages/autonomy_vision/display_heading.py to display_heading.cpython-310.pyc
byte-compiling /home/mnt/tasc_autonomy/install/autonomy_vision/lib/python3.10/site-packages/autonomy_vision/yolo_depth_v2.py to yolo_depth_v2.cpython-310.pyc
running install_data
creating /home/mnt/tasc_autonomy/install/autonomy_vision/share/ament_index
creating /home/mnt/tasc_autonomy/install/autonomy_vision/share/ament_index/resource_index
creating /home/mnt/tasc_autonomy/install/autonomy_vision/share/ament_index/resource_index/packages
copying resource/autonomy_vision -> /home/mnt/tasc_autonomy/install/autonomy_vision/share/ament_index/resource_index/packages
copying package.xml -> /home/mnt/tasc_autonomy/install/autonomy_vision/share/autonomy_vision
running install_egg_info
Copying ../build/autonomy_vision/autonomy_vision.egg-info to /home/mnt/tasc_autonomy/install/autonomy_vision/lib/python3.10/site-packages/autonomy_vision-0.0.0-py3.10.egg-info
running install_scripts
Installing arm_cam script to /home/mnt/tasc_autonomy/install/autonomy_vision/lib/autonomy_vision
Installing display_heading script to /home/mnt/tasc_autonomy/install/autonomy_vision/lib/autonomy_vision
Installing display_heading_imu script to /home/mnt/tasc_autonomy/install/autonomy_vision/lib/autonomy_vision
Installing display_images script to /home/mnt/tasc_autonomy/install/autonomy_vision/lib/autonomy_vision
Installing panorama_stitcher script to /home/mnt/tasc_autonomy/install/autonomy_vision/lib/autonomy_vision
Installing panorama_stitcher_with_heading script to /home/mnt/tasc_autonomy/install/autonomy_vision/lib/autonomy_vision
Installing pose_cam script to /home/mnt/tasc_autonomy/install/autonomy_vision/lib/autonomy_vision
Installing yolo_depth_v1 script to /home/mnt/tasc_autonomy/install/autonomy_vision/lib/autonomy_vision
Installing yolo_depth_v2 script to /home/mnt/tasc_autonomy/install/autonomy_vision/lib/autonomy_vision
Installing yolo_pc script to /home/mnt/tasc_autonomy/install/autonomy_vision/lib/autonomy_vision
writing list of installed files to '/home/mnt/tasc_autonomy/build/autonomy_vision/install.log'
