running develop
running egg_info
creating autonomy_vision.egg-info
writing autonomy_vision.egg-info/PKG-INFO
writing dependency_links to autonomy_vision.egg-info/dependency_links.txt
writing entry points to autonomy_vision.egg-info/entry_points.txt
writing requirements to autonomy_vision.egg-info/requires.txt
writing top-level names to autonomy_vision.egg-info/top_level.txt
writing manifest file 'autonomy_vision.egg-info/SOURCES.txt'
reading manifest file 'autonomy_vision.egg-info/SOURCES.txt'
writing manifest file 'autonomy_vision.egg-info/SOURCES.txt'
running build_ext
Creating /home/mnt/Desktop/tasc_autonav_combined/install/autonomy_vision/lib/python3.10/site-packages/autonomy-vision.egg-link (link to .)
Installing morse_code_detector script to /home/mnt/Desktop/tasc_autonav_combined/install/autonomy_vision/lib/autonomy_vision
Installing webcam_detection2D script to /home/mnt/Desktop/tasc_autonav_combined/install/autonomy_vision/lib/autonomy_vision
Installing yolo_depth_v1 script to /home/mnt/Desktop/tasc_autonav_combined/install/autonomy_vision/lib/autonomy_vision
Installing yolo_pc script to /home/mnt/Desktop/tasc_autonav_combined/install/autonomy_vision/lib/autonomy_vision

Installed /home/mnt/Desktop/tasc_autonav_combined/build/autonomy_vision
running symlink_data
creating /home/mnt/Desktop/tasc_autonav_combined/install/autonomy_vision/share/ament_index
creating /home/mnt/Desktop/tasc_autonav_combined/install/autonomy_vision/share/ament_index/resource_index
creating /home/mnt/Desktop/tasc_autonav_combined/install/autonomy_vision/share/ament_index/resource_index/packages
symbolically linking /home/mnt/Desktop/tasc_autonav_combined/build/autonomy_vision/resource/autonomy_vision -> /home/mnt/Desktop/tasc_autonav_combined/install/autonomy_vision/share/ament_index/resource_index/packages
symbolically linking /home/mnt/Desktop/tasc_autonav_combined/build/autonomy_vision/package.xml -> /home/mnt/Desktop/tasc_autonav_combined/install/autonomy_vision/share/autonomy_vision
