[0.904s] Invoking command in '/home/mnt/Desktop/tasc_autonav_combined/build/autonomy_vision': PYTHONPATH=/home/mnt/Desktop/tasc_autonav_combined/build/autonomy_vision/prefix_override:/usr/lib/python3/dist-packages/colcon_core/task/python/colcon_distutils_commands:/home/mnt/Desktop/tasc_autonav_combined/install/autonomy_vision/lib/python3.10/site-packages:${PYTHONPATH} /usr/bin/python3 -W ignore:setup.py install is deprecated -W ignore:easy_install command is deprecated setup.py develop --editable --build-directory /home/mnt/Desktop/tasc_autonav_combined/build/autonomy_vision/build --no-deps symlink_data
[1.227s] running develop
[1.405s] running egg_info
[1.405s] writing autonomy_vision.egg-info/PKG-INFO
[1.406s] writing dependency_links to autonomy_vision.egg-info/dependency_links.txt
[1.406s] writing entry points to autonomy_vision.egg-info/entry_points.txt
[1.406s] writing requirements to autonomy_vision.egg-info/requires.txt
[1.406s] writing top-level names to autonomy_vision.egg-info/top_level.txt
[1.406s] reading manifest file 'autonomy_vision.egg-info/SOURCES.txt'
[1.410s] writing manifest file 'autonomy_vision.egg-info/SOURCES.txt'
[1.410s] running build_ext
[1.410s] Creating /home/mnt/Desktop/tasc_autonav_combined/install/autonomy_vision/lib/python3.10/site-packages/autonomy-vision.egg-link (link to .)
[1.413s] Installing morse_code_detector script to /home/mnt/Desktop/tasc_autonav_combined/install/autonomy_vision/lib/autonomy_vision
[1.414s] Installing webcam_detection2D script to /home/mnt/Desktop/tasc_autonav_combined/install/autonomy_vision/lib/autonomy_vision
[1.414s] Installing yolo_depth_v1 script to /home/mnt/Desktop/tasc_autonav_combined/install/autonomy_vision/lib/autonomy_vision
[1.414s] Installing yolo_pc script to /home/mnt/Desktop/tasc_autonav_combined/install/autonomy_vision/lib/autonomy_vision
[1.414s] 
[1.414s] Installed /home/mnt/Desktop/tasc_autonav_combined/build/autonomy_vision
[1.414s] running symlink_data
[1.442s] Invoked command in '/home/mnt/Desktop/tasc_autonav_combined/build/autonomy_vision' returned '0': PYTHONPATH=/home/mnt/Desktop/tasc_autonav_combined/build/autonomy_vision/prefix_override:/usr/lib/python3/dist-packages/colcon_core/task/python/colcon_distutils_commands:/home/mnt/Desktop/tasc_autonav_combined/install/autonomy_vision/lib/python3.10/site-packages:${PYTHONPATH} /usr/bin/python3 -W ignore:setup.py install is deprecated -W ignore:easy_install command is deprecated setup.py develop --editable --build-directory /home/mnt/Desktop/tasc_autonav_combined/build/autonomy_vision/build --no-deps symlink_data
