[0.294s] DEBUG:colcon:Command line arguments: ['/usr/bin/colcon', 'build', '--packages-select', 'autonomy_vision', '--symlink-install']
[0.294s] DEBUG:colcon:Parsed command line arguments: Namespace(log_base=None, log_level=None, verb_name='build', build_base='build', install_base='install', merge_install=False, symlink_install=True, test_result_base=None, continue_on_error=False, executor='parallel', parallel_workers=4, event_handlers=None, ignore_user_meta=False, metas=['./colcon.meta'], base_paths=['.'], packages_ignore=None, packages_ignore_regex=None, paths=None, packages_up_to=None, packages_up_to_regex=None, packages_above=None, packages_above_and_dependencies=None, packages_above_depth=None, packages_select_by_dep=None, packages_skip_by_dep=None, packages_skip_up_to=None, packages_select_build_failed=False, packages_skip_build_finished=False, packages_select_test_failures=False, packages_skip_test_passed=False, packages_select=['autonomy_vision'], packages_skip=None, packages_select_regex=None, packages_skip_regex=None, packages_start=None, packages_end=None, allow_overriding=[], cmake_args=None, cmake_target=None, cmake_target_skip_unavailable=False, cmake_clean_cache=False, cmake_clean_first=False, cmake_force_configure=False, ament_cmake_args=None, catkin_cmake_args=None, catkin_skip_building_tests=False, mixin_files=None, mixin=None, verb_parser=<colcon_mixin.mixin.mixin_argument.MixinArgumentDecorator object at 0x759937535db0>, verb_extension=<colcon_core.verb.build.BuildVerb object at 0x75993767edd0>, main=<bound method BuildVerb.main of <colcon_core.verb.build.BuildVerb object at 0x75993767edd0>>, mixin_verb=('build',))
[0.529s] Level 1:colcon.colcon_core.package_discovery:discover_packages(colcon_meta) check parameters
[0.529s] Level 1:colcon.colcon_core.package_discovery:discover_packages(recursive) check parameters
[0.529s] Level 1:colcon.colcon_core.package_discovery:discover_packages(ignore) check parameters
[0.529s] Level 1:colcon.colcon_core.package_discovery:discover_packages(path) check parameters
[0.529s] Level 1:colcon.colcon_core.package_discovery:discover_packages(colcon_meta) discover
[0.530s] Level 1:colcon.colcon_core.package_discovery:discover_packages(recursive) discover
[0.530s] INFO:colcon.colcon_core.package_discovery:Crawling recursively for packages in '/home/mnt/Desktop/tasc_autonav_combined'
[0.530s] Level 1:colcon.colcon_core.package_identification:_identify(.) by extensions ['ignore', 'ignore_ament_install']
[0.530s] Level 1:colcon.colcon_core.package_identification:_identify(.) by extension 'ignore'
[0.530s] Level 1:colcon.colcon_core.package_identification:_identify(.) by extension 'ignore_ament_install'
[0.530s] Level 1:colcon.colcon_core.package_identification:_identify(.) by extensions ['colcon_pkg']
[0.530s] Level 1:colcon.colcon_core.package_identification:_identify(.) by extension 'colcon_pkg'
[0.530s] Level 1:colcon.colcon_core.package_identification:_identify(.) by extensions ['colcon_meta']
[0.530s] Level 1:colcon.colcon_core.package_identification:_identify(.) by extension 'colcon_meta'
[0.530s] Level 1:colcon.colcon_core.package_identification:_identify(.) by extensions ['ros']
[0.530s] Level 1:colcon.colcon_core.package_identification:_identify(.) by extension 'ros'
[0.546s] Level 1:colcon.colcon_core.package_identification:_identify(.) by extensions ['cmake', 'python']
[0.547s] Level 1:colcon.colcon_core.package_identification:_identify(.) by extension 'cmake'
[0.547s] Level 1:colcon.colcon_core.package_identification:_identify(.) by extension 'python'
[0.547s] Level 1:colcon.colcon_core.package_identification:_identify(.) by extensions ['python_setup_py']
[0.547s] Level 1:colcon.colcon_core.package_identification:_identify(.) by extension 'python_setup_py'
[0.547s] Level 1:colcon.colcon_core.package_identification:_identify(build) by extensions ['ignore', 'ignore_ament_install']
[0.547s] Level 1:colcon.colcon_core.package_identification:_identify(build) by extension 'ignore'
[0.547s] Level 1:colcon.colcon_core.package_identification:_identify(build) ignored
[0.548s] Level 1:colcon.colcon_core.package_identification:_identify(install) by extensions ['ignore', 'ignore_ament_install']
[0.548s] Level 1:colcon.colcon_core.package_identification:_identify(install) by extension 'ignore'
[0.548s] Level 1:colcon.colcon_core.package_identification:_identify(install) ignored
[0.548s] Level 1:colcon.colcon_core.package_identification:_identify(log) by extensions ['ignore', 'ignore_ament_install']
[0.548s] Level 1:colcon.colcon_core.package_identification:_identify(log) by extension 'ignore'
[0.548s] Level 1:colcon.colcon_core.package_identification:_identify(log) ignored
[0.548s] Level 1:colcon.colcon_core.package_identification:_identify(tasc_autonomy) by extensions ['ignore', 'ignore_ament_install']
[0.549s] Level 1:colcon.colcon_core.package_identification:_identify(tasc_autonomy) by extension 'ignore'
[0.549s] Level 1:colcon.colcon_core.package_identification:_identify(tasc_autonomy) by extension 'ignore_ament_install'
[0.549s] Level 1:colcon.colcon_core.package_identification:_identify(tasc_autonomy) by extensions ['colcon_pkg']
[0.549s] Level 1:colcon.colcon_core.package_identification:_identify(tasc_autonomy) by extension 'colcon_pkg'
[0.549s] Level 1:colcon.colcon_core.package_identification:_identify(tasc_autonomy) by extensions ['colcon_meta']
[0.549s] Level 1:colcon.colcon_core.package_identification:_identify(tasc_autonomy) by extension 'colcon_meta'
[0.549s] Level 1:colcon.colcon_core.package_identification:_identify(tasc_autonomy) by extensions ['ros']
[0.549s] Level 1:colcon.colcon_core.package_identification:_identify(tasc_autonomy) by extension 'ros'
[0.549s] Level 1:colcon.colcon_core.package_identification:_identify(tasc_autonomy) by extensions ['cmake', 'python']
[0.549s] Level 1:colcon.colcon_core.package_identification:_identify(tasc_autonomy) by extension 'cmake'
[0.549s] Level 1:colcon.colcon_core.package_identification:_identify(tasc_autonomy) by extension 'python'
[0.549s] Level 1:colcon.colcon_core.package_identification:_identify(tasc_autonomy) by extensions ['python_setup_py']
[0.549s] Level 1:colcon.colcon_core.package_identification:_identify(tasc_autonomy) by extension 'python_setup_py'
[0.549s] Level 1:colcon.colcon_core.package_identification:_identify(tasc_autonomy/autonomy_sensors) by extensions ['ignore', 'ignore_ament_install']
[0.550s] Level 1:colcon.colcon_core.package_identification:_identify(tasc_autonomy/autonomy_sensors) by extension 'ignore'
[0.550s] Level 1:colcon.colcon_core.package_identification:_identify(tasc_autonomy/autonomy_sensors) by extension 'ignore_ament_install'
[0.550s] Level 1:colcon.colcon_core.package_identification:_identify(tasc_autonomy/autonomy_sensors) by extensions ['colcon_pkg']
[0.550s] Level 1:colcon.colcon_core.package_identification:_identify(tasc_autonomy/autonomy_sensors) by extension 'colcon_pkg'
[0.550s] Level 1:colcon.colcon_core.package_identification:_identify(tasc_autonomy/autonomy_sensors) by extensions ['colcon_meta']
[0.550s] Level 1:colcon.colcon_core.package_identification:_identify(tasc_autonomy/autonomy_sensors) by extension 'colcon_meta'
[0.550s] Level 1:colcon.colcon_core.package_identification:_identify(tasc_autonomy/autonomy_sensors) by extensions ['ros']
[0.550s] Level 1:colcon.colcon_core.package_identification:_identify(tasc_autonomy/autonomy_sensors) by extension 'ros'
[0.556s] DEBUG:colcon.colcon_core.package_identification:Package 'tasc_autonomy/autonomy_sensors' with type 'ros.ament_python' and name 'autonomy_sensors'
[0.556s] Level 1:colcon.colcon_core.package_identification:_identify(tasc_autonomy/autonomy_vision) by extensions ['ignore', 'ignore_ament_install']
[0.556s] Level 1:colcon.colcon_core.package_identification:_identify(tasc_autonomy/autonomy_vision) by extension 'ignore'
[0.556s] Level 1:colcon.colcon_core.package_identification:_identify(tasc_autonomy/autonomy_vision) by extension 'ignore_ament_install'
[0.556s] Level 1:colcon.colcon_core.package_identification:_identify(tasc_autonomy/autonomy_vision) by extensions ['colcon_pkg']
[0.557s] Level 1:colcon.colcon_core.package_identification:_identify(tasc_autonomy/autonomy_vision) by extension 'colcon_pkg'
[0.557s] Level 1:colcon.colcon_core.package_identification:_identify(tasc_autonomy/autonomy_vision) by extensions ['colcon_meta']
[0.557s] Level 1:colcon.colcon_core.package_identification:_identify(tasc_autonomy/autonomy_vision) by extension 'colcon_meta'
[0.557s] Level 1:colcon.colcon_core.package_identification:_identify(tasc_autonomy/autonomy_vision) by extensions ['ros']
[0.557s] Level 1:colcon.colcon_core.package_identification:_identify(tasc_autonomy/autonomy_vision) by extension 'ros'
[0.558s] DEBUG:colcon.colcon_core.package_identification:Package 'tasc_autonomy/autonomy_vision' with type 'ros.ament_python' and name 'autonomy_vision'
[0.558s] Level 1:colcon.colcon_core.package_identification:_identify(tasc_autonomy/giskard_description) by extensions ['ignore', 'ignore_ament_install']
[0.558s] Level 1:colcon.colcon_core.package_identification:_identify(tasc_autonomy/giskard_description) by extension 'ignore'
[0.558s] Level 1:colcon.colcon_core.package_identification:_identify(tasc_autonomy/giskard_description) by extension 'ignore_ament_install'
[0.558s] Level 1:colcon.colcon_core.package_identification:_identify(tasc_autonomy/giskard_description) by extensions ['colcon_pkg']
[0.558s] Level 1:colcon.colcon_core.package_identification:_identify(tasc_autonomy/giskard_description) by extension 'colcon_pkg'
[0.558s] Level 1:colcon.colcon_core.package_identification:_identify(tasc_autonomy/giskard_description) by extensions ['colcon_meta']
[0.558s] Level 1:colcon.colcon_core.package_identification:_identify(tasc_autonomy/giskard_description) by extension 'colcon_meta'
[0.558s] Level 1:colcon.colcon_core.package_identification:_identify(tasc_autonomy/giskard_description) by extensions ['ros']
[0.558s] Level 1:colcon.colcon_core.package_identification:_identify(tasc_autonomy/giskard_description) by extension 'ros'
[0.559s] DEBUG:colcon.colcon_core.package_identification:Package 'tasc_autonomy/giskard_description' with type 'ros.ament_cmake' and name 'giskard_description'
[0.559s] Level 1:colcon.colcon_core.package_identification:_identify(tasc_autonomy/giskard_gazebo) by extensions ['ignore', 'ignore_ament_install']
[0.559s] Level 1:colcon.colcon_core.package_identification:_identify(tasc_autonomy/giskard_gazebo) by extension 'ignore'
[0.559s] Level 1:colcon.colcon_core.package_identification:_identify(tasc_autonomy/giskard_gazebo) by extension 'ignore_ament_install'
[0.559s] Level 1:colcon.colcon_core.package_identification:_identify(tasc_autonomy/giskard_gazebo) by extensions ['colcon_pkg']
[0.559s] Level 1:colcon.colcon_core.package_identification:_identify(tasc_autonomy/giskard_gazebo) by extension 'colcon_pkg'
[0.559s] Level 1:colcon.colcon_core.package_identification:_identify(tasc_autonomy/giskard_gazebo) by extensions ['colcon_meta']
[0.559s] Level 1:colcon.colcon_core.package_identification:_identify(tasc_autonomy/giskard_gazebo) by extension 'colcon_meta'
[0.559s] Level 1:colcon.colcon_core.package_identification:_identify(tasc_autonomy/giskard_gazebo) by extensions ['ros']
[0.560s] Level 1:colcon.colcon_core.package_identification:_identify(tasc_autonomy/giskard_gazebo) by extension 'ros'
[0.560s] DEBUG:colcon.colcon_core.package_identification:Package 'tasc_autonomy/giskard_gazebo' with type 'ros.ament_cmake' and name 'giskard_gazebo'
[0.560s] Level 1:colcon.colcon_core.package_discovery:discover_packages(recursive) using defaults
[0.560s] Level 1:colcon.colcon_core.package_discovery:discover_packages(ignore) discover
[0.560s] Level 1:colcon.colcon_core.package_discovery:discover_packages(ignore) using defaults
[0.560s] Level 1:colcon.colcon_core.package_discovery:discover_packages(path) discover
[0.560s] Level 1:colcon.colcon_core.package_discovery:discover_packages(path) using defaults
[0.613s] INFO:colcon.colcon_core.package_selection:Skipping not selected package 'autonomy_sensors' in 'tasc_autonomy/autonomy_sensors'
[0.614s] INFO:colcon.colcon_core.package_selection:Skipping not selected package 'giskard_description' in 'tasc_autonomy/giskard_description'
[0.614s] INFO:colcon.colcon_core.package_selection:Skipping not selected package 'giskard_gazebo' in 'tasc_autonomy/giskard_gazebo'
[0.615s] Level 1:colcon.colcon_core.package_discovery:discover_packages(prefix_path) check parameters
[0.616s] Level 1:colcon.colcon_core.package_discovery:discover_packages(prefix_path) discover
[0.626s] DEBUG:colcon.colcon_installed_package_information.package_discovery:Found 276 installed packages in /opt/ros/humble
[0.627s] Level 1:colcon.colcon_core.package_discovery:discover_packages(prefix_path) using defaults
[0.672s] Level 5:colcon.colcon_core.verb:set package 'autonomy_vision' build argument 'cmake_args' from command line to 'None'
[0.672s] Level 5:colcon.colcon_core.verb:set package 'autonomy_vision' build argument 'cmake_target' from command line to 'None'
[0.672s] Level 5:colcon.colcon_core.verb:set package 'autonomy_vision' build argument 'cmake_target_skip_unavailable' from command line to 'False'
[0.672s] Level 5:colcon.colcon_core.verb:set package 'autonomy_vision' build argument 'cmake_clean_cache' from command line to 'False'
[0.672s] Level 5:colcon.colcon_core.verb:set package 'autonomy_vision' build argument 'cmake_clean_first' from command line to 'False'
[0.672s] Level 5:colcon.colcon_core.verb:set package 'autonomy_vision' build argument 'cmake_force_configure' from command line to 'False'
[0.672s] Level 5:colcon.colcon_core.verb:set package 'autonomy_vision' build argument 'ament_cmake_args' from command line to 'None'
[0.673s] Level 5:colcon.colcon_core.verb:set package 'autonomy_vision' build argument 'catkin_cmake_args' from command line to 'None'
[0.673s] Level 5:colcon.colcon_core.verb:set package 'autonomy_vision' build argument 'catkin_skip_building_tests' from command line to 'False'
[0.673s] DEBUG:colcon.colcon_core.verb:Building package 'autonomy_vision' with the following arguments: {'ament_cmake_args': None, 'build_base': '/home/mnt/Desktop/tasc_autonav_combined/build/autonomy_vision', 'catkin_cmake_args': None, 'catkin_skip_building_tests': False, 'cmake_args': None, 'cmake_clean_cache': False, 'cmake_clean_first': False, 'cmake_force_configure': False, 'cmake_target': None, 'cmake_target_skip_unavailable': False, 'install_base': '/home/mnt/Desktop/tasc_autonav_combined/install/autonomy_vision', 'merge_install': False, 'path': '/home/mnt/Desktop/tasc_autonav_combined/tasc_autonomy/autonomy_vision', 'symlink_install': True, 'test_result_base': None}
[0.673s] INFO:colcon.colcon_core.executor:Executing jobs using 'parallel' executor
[0.674s] DEBUG:colcon.colcon_parallel_executor.executor.parallel:run_until_complete
[0.676s] INFO:colcon.colcon_ros.task.ament_python.build:Building ROS package in '/home/mnt/Desktop/tasc_autonav_combined/tasc_autonomy/autonomy_vision' with build type 'ament_python'
[0.676s] Level 1:colcon.colcon_core.shell:create_environment_hook('autonomy_vision', 'ament_prefix_path')
[0.686s] INFO:colcon.colcon_core.plugin_system:Skipping extension 'colcon_core.shell.bat': Not used on non-Windows systems
[0.686s] INFO:colcon.colcon_core.shell:Creating environment hook '/home/mnt/Desktop/tasc_autonav_combined/install/autonomy_vision/share/autonomy_vision/hook/ament_prefix_path.ps1'
[0.690s] INFO:colcon.colcon_core.shell:Creating environment descriptor '/home/mnt/Desktop/tasc_autonav_combined/install/autonomy_vision/share/autonomy_vision/hook/ament_prefix_path.dsv'
[0.692s] INFO:colcon.colcon_core.shell:Creating environment hook '/home/mnt/Desktop/tasc_autonav_combined/install/autonomy_vision/share/autonomy_vision/hook/ament_prefix_path.sh'
[0.696s] INFO:colcon.colcon_core.shell:Skip shell extension 'powershell' for command environment: Not usable outside of PowerShell
[0.696s] DEBUG:colcon.colcon_core.shell:Skip shell extension 'dsv' for command environment
[1.073s] INFO:colcon.colcon_core.task.python.build:Building Python package in '/home/mnt/Desktop/tasc_autonav_combined/tasc_autonomy/autonomy_vision'
[1.074s] INFO:colcon.colcon_core.shell:Skip shell extension 'powershell' for command environment: Not usable outside of PowerShell
[1.074s] DEBUG:colcon.colcon_core.shell:Skip shell extension 'dsv' for command environment
[1.691s] DEBUG:colcon.colcon_core.event_handler.log_command:Invoking command in '/home/mnt/Desktop/tasc_autonav_combined/build/autonomy_vision': PYTHONPATH=/home/mnt/Desktop/tasc_autonav_combined/build/autonomy_vision/prefix_override:/usr/lib/python3/dist-packages/colcon_core/task/python/colcon_distutils_commands:/home/mnt/Desktop/tasc_autonav_combined/install/autonomy_vision/lib/python3.10/site-packages:${PYTHONPATH} /usr/bin/python3 -W ignore:setup.py install is deprecated -W ignore:easy_install command is deprecated setup.py develop --editable --build-directory /home/mnt/Desktop/tasc_autonav_combined/build/autonomy_vision/build --no-deps symlink_data
[2.228s] Level 1:colcon.colcon_core.shell:create_environment_hook('autonomy_vision', 'pythonpath_develop')
[2.229s] INFO:colcon.colcon_core.shell:Creating environment hook '/home/mnt/Desktop/tasc_autonav_combined/build/autonomy_vision/share/autonomy_vision/hook/pythonpath_develop.ps1'
[2.229s] INFO:colcon.colcon_core.shell:Creating environment descriptor '/home/mnt/Desktop/tasc_autonav_combined/build/autonomy_vision/share/autonomy_vision/hook/pythonpath_develop.dsv'
[2.230s] INFO:colcon.colcon_core.shell:Creating environment hook '/home/mnt/Desktop/tasc_autonav_combined/build/autonomy_vision/share/autonomy_vision/hook/pythonpath_develop.sh'
[2.231s] DEBUG:colcon.colcon_core.event_handler.log_command:Invoked command in '/home/mnt/Desktop/tasc_autonav_combined/build/autonomy_vision' returned '0': PYTHONPATH=/home/mnt/Desktop/tasc_autonav_combined/build/autonomy_vision/prefix_override:/usr/lib/python3/dist-packages/colcon_core/task/python/colcon_distutils_commands:/home/mnt/Desktop/tasc_autonav_combined/install/autonomy_vision/lib/python3.10/site-packages:${PYTHONPATH} /usr/bin/python3 -W ignore:setup.py install is deprecated -W ignore:easy_install command is deprecated setup.py develop --editable --build-directory /home/mnt/Desktop/tasc_autonav_combined/build/autonomy_vision/build --no-deps symlink_data
[2.246s] Level 1:colcon.colcon_core.environment:checking '/home/mnt/Desktop/tasc_autonav_combined/install/autonomy_vision' for CMake module files
[2.247s] Level 1:colcon.colcon_core.environment:checking '/home/mnt/Desktop/tasc_autonav_combined/install/autonomy_vision' for CMake config files
[2.247s] Level 1:colcon.colcon_core.environment:checking '/home/mnt/Desktop/tasc_autonav_combined/install/autonomy_vision/lib'
[2.248s] Level 1:colcon.colcon_core.environment:checking '/home/mnt/Desktop/tasc_autonav_combined/install/autonomy_vision/bin'
[2.248s] Level 1:colcon.colcon_core.environment:checking '/home/mnt/Desktop/tasc_autonav_combined/install/autonomy_vision/lib/pkgconfig/autonomy_vision.pc'
[2.248s] Level 1:colcon.colcon_core.environment:checking '/home/mnt/Desktop/tasc_autonav_combined/install/autonomy_vision/lib/python3.10/site-packages'
[2.248s] Level 1:colcon.colcon_core.shell:create_environment_hook('autonomy_vision', 'pythonpath')
[2.248s] INFO:colcon.colcon_core.shell:Creating environment hook '/home/mnt/Desktop/tasc_autonav_combined/install/autonomy_vision/share/autonomy_vision/hook/pythonpath.ps1'
[2.249s] INFO:colcon.colcon_core.shell:Creating environment descriptor '/home/mnt/Desktop/tasc_autonav_combined/install/autonomy_vision/share/autonomy_vision/hook/pythonpath.dsv'
[2.249s] INFO:colcon.colcon_core.shell:Creating environment hook '/home/mnt/Desktop/tasc_autonav_combined/install/autonomy_vision/share/autonomy_vision/hook/pythonpath.sh'
[2.250s] Level 1:colcon.colcon_core.environment:checking '/home/mnt/Desktop/tasc_autonav_combined/install/autonomy_vision/bin'
[2.250s] Level 1:colcon.colcon_core.environment:create_environment_scripts_only(autonomy_vision)
[2.251s] INFO:colcon.colcon_core.shell:Creating package script '/home/mnt/Desktop/tasc_autonav_combined/install/autonomy_vision/share/autonomy_vision/package.ps1'
[2.253s] INFO:colcon.colcon_core.shell:Creating package descriptor '/home/mnt/Desktop/tasc_autonav_combined/install/autonomy_vision/share/autonomy_vision/package.dsv'
[2.256s] INFO:colcon.colcon_core.shell:Creating package script '/home/mnt/Desktop/tasc_autonav_combined/install/autonomy_vision/share/autonomy_vision/package.sh'
[2.258s] INFO:colcon.colcon_core.shell:Creating package script '/home/mnt/Desktop/tasc_autonav_combined/install/autonomy_vision/share/autonomy_vision/package.bash'
[2.262s] INFO:colcon.colcon_core.shell:Creating package script '/home/mnt/Desktop/tasc_autonav_combined/install/autonomy_vision/share/autonomy_vision/package.zsh'
[2.266s] Level 1:colcon.colcon_core.environment:create_file_with_runtime_dependencies(/home/mnt/Desktop/tasc_autonav_combined/install/autonomy_vision/share/colcon-core/packages/autonomy_vision)
[2.267s] DEBUG:colcon.colcon_parallel_executor.executor.parallel:closing loop
[2.269s] DEBUG:colcon.colcon_parallel_executor.executor.parallel:loop closed
[2.269s] DEBUG:colcon.colcon_parallel_executor.executor.parallel:run_until_complete finished with '0'
[2.269s] DEBUG:colcon.colcon_core.event_reactor:joining thread
[2.302s] INFO:colcon.colcon_core.plugin_system:Skipping extension 'colcon_notification.desktop_notification.terminal_notifier': Not used on non-Darwin systems
[2.302s] INFO:colcon.colcon_core.plugin_system:Skipping extension 'colcon_notification.desktop_notification.win32': Not used on non-Windows systems
[2.303s] INFO:colcon.colcon_notification.desktop_notification:Sending desktop notification using 'notify2'
[2.526s] DEBUG:colcon.colcon_core.event_reactor:joined thread
[2.526s] INFO:colcon.colcon_core.shell:Creating prefix script '/home/mnt/Desktop/tasc_autonav_combined/install/local_setup.ps1'
[2.528s] INFO:colcon.colcon_core.shell:Creating prefix util module '/home/mnt/Desktop/tasc_autonav_combined/install/_local_setup_util_ps1.py'
[2.533s] INFO:colcon.colcon_core.shell:Creating prefix chain script '/home/mnt/Desktop/tasc_autonav_combined/install/setup.ps1'
[2.537s] INFO:colcon.colcon_core.shell:Creating prefix script '/home/mnt/Desktop/tasc_autonav_combined/install/local_setup.sh'
[2.542s] INFO:colcon.colcon_core.shell:Creating prefix util module '/home/mnt/Desktop/tasc_autonav_combined/install/_local_setup_util_sh.py'
[2.544s] INFO:colcon.colcon_core.shell:Creating prefix chain script '/home/mnt/Desktop/tasc_autonav_combined/install/setup.sh'
[2.548s] INFO:colcon.colcon_core.shell:Creating prefix script '/home/mnt/Desktop/tasc_autonav_combined/install/local_setup.bash'
[2.551s] INFO:colcon.colcon_core.shell:Creating prefix chain script '/home/mnt/Desktop/tasc_autonav_combined/install/setup.bash'
[2.557s] INFO:colcon.colcon_core.shell:Creating prefix script '/home/mnt/Desktop/tasc_autonav_combined/install/local_setup.zsh'
[2.560s] INFO:colcon.colcon_core.shell:Creating prefix chain script '/home/mnt/Desktop/tasc_autonav_combined/install/setup.zsh'
