[0.122s] DEBUG:colcon:Command line arguments: ['/usr/bin/colcon', 'build', '--packages-select', 'autonomy_vision', '--symlink-install']
[0.122s] DEBUG:colcon:Parsed command line arguments: Namespace(log_base=None, log_level=None, verb_name='build', build_base='build', install_base='install', merge_install=False, symlink_install=True, test_result_base=None, continue_on_error=False, executor='parallel', parallel_workers=4, event_handlers=None, ignore_user_meta=False, metas=['./colcon.meta'], base_paths=['.'], packages_ignore=None, packages_ignore_regex=None, paths=None, packages_up_to=None, packages_up_to_regex=None, packages_above=None, packages_above_and_dependencies=None, packages_above_depth=None, packages_select_by_dep=None, packages_skip_by_dep=None, packages_skip_up_to=None, packages_select_build_failed=False, packages_skip_build_finished=False, packages_select_test_failures=False, packages_skip_test_passed=False, packages_select=['autonomy_vision'], packages_skip=None, packages_select_regex=None, packages_skip_regex=None, packages_start=None, packages_end=None, allow_overriding=[], cmake_args=None, cmake_target=None, cmake_target_skip_unavailable=False, cmake_clean_cache=False, cmake_clean_first=False, cmake_force_configure=False, ament_cmake_args=None, catkin_cmake_args=None, catkin_skip_building_tests=False, mixin_files=None, mixin=None, verb_parser=<colcon_mixin.mixin.mixin_argument.MixinArgumentDecorator object at 0x742bdcacef20>, verb_extension=<colcon_core.verb.build.BuildVerb object at 0x742bdcc567a0>, main=<bound method BuildVerb.main of <colcon_core.verb.build.BuildVerb object at 0x742bdcc567a0>>, mixin_verb=('build',))
[0.308s] Level 1:colcon.colcon_core.package_discovery:discover_packages(colcon_meta) check parameters
[0.309s] Level 1:colcon.colcon_core.package_discovery:discover_packages(recursive) check parameters
[0.309s] Level 1:colcon.colcon_core.package_discovery:discover_packages(ignore) check parameters
[0.309s] Level 1:colcon.colcon_core.package_discovery:discover_packages(path) check parameters
[0.309s] Level 1:colcon.colcon_core.package_discovery:discover_packages(colcon_meta) discover
[0.309s] Level 1:colcon.colcon_core.package_discovery:discover_packages(recursive) discover
[0.309s] INFO:colcon.colcon_core.package_discovery:Crawling recursively for packages in '/home/mnt/Desktop/tasc_autonav_combined'
[0.309s] Level 1:colcon.colcon_core.package_identification:_identify(.) by extensions ['ignore', 'ignore_ament_install']
[0.309s] Level 1:colcon.colcon_core.package_identification:_identify(.) by extension 'ignore'
[0.309s] Level 1:colcon.colcon_core.package_identification:_identify(.) by extension 'ignore_ament_install'
[0.309s] Level 1:colcon.colcon_core.package_identification:_identify(.) by extensions ['colcon_pkg']
[0.309s] Level 1:colcon.colcon_core.package_identification:_identify(.) by extension 'colcon_pkg'
[0.309s] Level 1:colcon.colcon_core.package_identification:_identify(.) by extensions ['colcon_meta']
[0.309s] Level 1:colcon.colcon_core.package_identification:_identify(.) by extension 'colcon_meta'
[0.309s] Level 1:colcon.colcon_core.package_identification:_identify(.) by extensions ['ros']
[0.309s] Level 1:colcon.colcon_core.package_identification:_identify(.) by extension 'ros'
[0.320s] Level 1:colcon.colcon_core.package_identification:_identify(.) by extensions ['cmake', 'python']
[0.321s] Level 1:colcon.colcon_core.package_identification:_identify(.) by extension 'cmake'
[0.321s] Level 1:colcon.colcon_core.package_identification:_identify(.) by extension 'python'
[0.321s] Level 1:colcon.colcon_core.package_identification:_identify(.) by extensions ['python_setup_py']
[0.321s] Level 1:colcon.colcon_core.package_identification:_identify(.) by extension 'python_setup_py'
[0.321s] Level 1:colcon.colcon_core.package_identification:_identify(build) by extensions ['ignore', 'ignore_ament_install']
[0.321s] Level 1:colcon.colcon_core.package_identification:_identify(build) by extension 'ignore'
[0.321s] Level 1:colcon.colcon_core.package_identification:_identify(build) ignored
[0.321s] Level 1:colcon.colcon_core.package_identification:_identify(install) by extensions ['ignore', 'ignore_ament_install']
[0.322s] Level 1:colcon.colcon_core.package_identification:_identify(install) by extension 'ignore'
[0.322s] Level 1:colcon.colcon_core.package_identification:_identify(install) ignored
[0.322s] Level 1:colcon.colcon_core.package_identification:_identify(log) by extensions ['ignore', 'ignore_ament_install']
[0.322s] Level 1:colcon.colcon_core.package_identification:_identify(log) by extension 'ignore'
[0.322s] Level 1:colcon.colcon_core.package_identification:_identify(log) ignored
[0.322s] Level 1:colcon.colcon_core.package_identification:_identify(tasc_autonomy) by extensions ['ignore', 'ignore_ament_install']
[0.322s] Level 1:colcon.colcon_core.package_identification:_identify(tasc_autonomy) by extension 'ignore'
[0.323s] Level 1:colcon.colcon_core.package_identification:_identify(tasc_autonomy) by extension 'ignore_ament_install'
[0.323s] Level 1:colcon.colcon_core.package_identification:_identify(tasc_autonomy) by extensions ['colcon_pkg']
[0.323s] Level 1:colcon.colcon_core.package_identification:_identify(tasc_autonomy) by extension 'colcon_pkg'
[0.323s] Level 1:colcon.colcon_core.package_identification:_identify(tasc_autonomy) by extensions ['colcon_meta']
[0.323s] Level 1:colcon.colcon_core.package_identification:_identify(tasc_autonomy) by extension 'colcon_meta'
[0.323s] Level 1:colcon.colcon_core.package_identification:_identify(tasc_autonomy) by extensions ['ros']
[0.323s] Level 1:colcon.colcon_core.package_identification:_identify(tasc_autonomy) by extension 'ros'
[0.323s] Level 1:colcon.colcon_core.package_identification:_identify(tasc_autonomy) by extensions ['cmake', 'python']
[0.323s] Level 1:colcon.colcon_core.package_identification:_identify(tasc_autonomy) by extension 'cmake'
[0.324s] Level 1:colcon.colcon_core.package_identification:_identify(tasc_autonomy) by extension 'python'
[0.324s] Level 1:colcon.colcon_core.package_identification:_identify(tasc_autonomy) by extensions ['python_setup_py']
[0.324s] Level 1:colcon.colcon_core.package_identification:_identify(tasc_autonomy) by extension 'python_setup_py'
[0.324s] Level 1:colcon.colcon_core.package_identification:_identify(tasc_autonomy/autonomy_sensors) by extensions ['ignore', 'ignore_ament_install']
[0.324s] Level 1:colcon.colcon_core.package_identification:_identify(tasc_autonomy/autonomy_sensors) by extension 'ignore'
[0.324s] Level 1:colcon.colcon_core.package_identification:_identify(tasc_autonomy/autonomy_sensors) by extension 'ignore_ament_install'
[0.324s] Level 1:colcon.colcon_core.package_identification:_identify(tasc_autonomy/autonomy_sensors) by extensions ['colcon_pkg']
[0.324s] Level 1:colcon.colcon_core.package_identification:_identify(tasc_autonomy/autonomy_sensors) by extension 'colcon_pkg'
[0.324s] Level 1:colcon.colcon_core.package_identification:_identify(tasc_autonomy/autonomy_sensors) by extensions ['colcon_meta']
[0.324s] Level 1:colcon.colcon_core.package_identification:_identify(tasc_autonomy/autonomy_sensors) by extension 'colcon_meta'
[0.324s] Level 1:colcon.colcon_core.package_identification:_identify(tasc_autonomy/autonomy_sensors) by extensions ['ros']
[0.324s] Level 1:colcon.colcon_core.package_identification:_identify(tasc_autonomy/autonomy_sensors) by extension 'ros'
[0.328s] DEBUG:colcon.colcon_core.package_identification:Package 'tasc_autonomy/autonomy_sensors' with type 'ros.ament_python' and name 'autonomy_sensors'
[0.328s] Level 1:colcon.colcon_core.package_identification:_identify(tasc_autonomy/autonomy_vision) by extensions ['ignore', 'ignore_ament_install']
[0.328s] Level 1:colcon.colcon_core.package_identification:_identify(tasc_autonomy/autonomy_vision) by extension 'ignore'
[0.329s] Level 1:colcon.colcon_core.package_identification:_identify(tasc_autonomy/autonomy_vision) by extension 'ignore_ament_install'
[0.329s] Level 1:colcon.colcon_core.package_identification:_identify(tasc_autonomy/autonomy_vision) by extensions ['colcon_pkg']
[0.329s] Level 1:colcon.colcon_core.package_identification:_identify(tasc_autonomy/autonomy_vision) by extension 'colcon_pkg'
[0.329s] Level 1:colcon.colcon_core.package_identification:_identify(tasc_autonomy/autonomy_vision) by extensions ['colcon_meta']
[0.329s] Level 1:colcon.colcon_core.package_identification:_identify(tasc_autonomy/autonomy_vision) by extension 'colcon_meta'
[0.329s] Level 1:colcon.colcon_core.package_identification:_identify(tasc_autonomy/autonomy_vision) by extensions ['ros']
[0.329s] Level 1:colcon.colcon_core.package_identification:_identify(tasc_autonomy/autonomy_vision) by extension 'ros'
[0.330s] DEBUG:colcon.colcon_core.package_identification:Package 'tasc_autonomy/autonomy_vision' with type 'ros.ament_python' and name 'autonomy_vision'
[0.330s] Level 1:colcon.colcon_core.package_identification:_identify(tasc_autonomy/giskard_description) by extensions ['ignore', 'ignore_ament_install']
[0.330s] Level 1:colcon.colcon_core.package_identification:_identify(tasc_autonomy/giskard_description) by extension 'ignore'
[0.330s] Level 1:colcon.colcon_core.package_identification:_identify(tasc_autonomy/giskard_description) by extension 'ignore_ament_install'
[0.330s] Level 1:colcon.colcon_core.package_identification:_identify(tasc_autonomy/giskard_description) by extensions ['colcon_pkg']
[0.331s] Level 1:colcon.colcon_core.package_identification:_identify(tasc_autonomy/giskard_description) by extension 'colcon_pkg'
[0.331s] Level 1:colcon.colcon_core.package_identification:_identify(tasc_autonomy/giskard_description) by extensions ['colcon_meta']
[0.331s] Level 1:colcon.colcon_core.package_identification:_identify(tasc_autonomy/giskard_description) by extension 'colcon_meta'
[0.331s] Level 1:colcon.colcon_core.package_identification:_identify(tasc_autonomy/giskard_description) by extensions ['ros']
[0.331s] Level 1:colcon.colcon_core.package_identification:_identify(tasc_autonomy/giskard_description) by extension 'ros'
[0.332s] DEBUG:colcon.colcon_core.package_identification:Package 'tasc_autonomy/giskard_description' with type 'ros.ament_cmake' and name 'giskard_description'
[0.332s] Level 1:colcon.colcon_core.package_identification:_identify(tasc_autonomy/giskard_gazebo) by extensions ['ignore', 'ignore_ament_install']
[0.332s] Level 1:colcon.colcon_core.package_identification:_identify(tasc_autonomy/giskard_gazebo) by extension 'ignore'
[0.332s] Level 1:colcon.colcon_core.package_identification:_identify(tasc_autonomy/giskard_gazebo) by extension 'ignore_ament_install'
[0.332s] Level 1:colcon.colcon_core.package_identification:_identify(tasc_autonomy/giskard_gazebo) by extensions ['colcon_pkg']
[0.332s] Level 1:colcon.colcon_core.package_identification:_identify(tasc_autonomy/giskard_gazebo) by extension 'colcon_pkg'
[0.332s] Level 1:colcon.colcon_core.package_identification:_identify(tasc_autonomy/giskard_gazebo) by extensions ['colcon_meta']
[0.332s] Level 1:colcon.colcon_core.package_identification:_identify(tasc_autonomy/giskard_gazebo) by extension 'colcon_meta'
[0.332s] Level 1:colcon.colcon_core.package_identification:_identify(tasc_autonomy/giskard_gazebo) by extensions ['ros']
[0.332s] Level 1:colcon.colcon_core.package_identification:_identify(tasc_autonomy/giskard_gazebo) by extension 'ros'
[0.333s] DEBUG:colcon.colcon_core.package_identification:Package 'tasc_autonomy/giskard_gazebo' with type 'ros.ament_cmake' and name 'giskard_gazebo'
[0.333s] Level 1:colcon.colcon_core.package_identification:_identify(tasc_autonomy/test) by extensions ['ignore', 'ignore_ament_install']
[0.333s] Level 1:colcon.colcon_core.package_identification:_identify(tasc_autonomy/test) by extension 'ignore'
[0.333s] Level 1:colcon.colcon_core.package_identification:_identify(tasc_autonomy/test) by extension 'ignore_ament_install'
[0.334s] Level 1:colcon.colcon_core.package_identification:_identify(tasc_autonomy/test) by extensions ['colcon_pkg']
[0.334s] Level 1:colcon.colcon_core.package_identification:_identify(tasc_autonomy/test) by extension 'colcon_pkg'
[0.334s] Level 1:colcon.colcon_core.package_identification:_identify(tasc_autonomy/test) by extensions ['colcon_meta']
[0.334s] Level 1:colcon.colcon_core.package_identification:_identify(tasc_autonomy/test) by extension 'colcon_meta'
[0.334s] Level 1:colcon.colcon_core.package_identification:_identify(tasc_autonomy/test) by extensions ['ros']
[0.334s] Level 1:colcon.colcon_core.package_identification:_identify(tasc_autonomy/test) by extension 'ros'
[0.334s] Level 1:colcon.colcon_core.package_identification:_identify(tasc_autonomy/test) by extensions ['cmake', 'python']
[0.334s] Level 1:colcon.colcon_core.package_identification:_identify(tasc_autonomy/test) by extension 'cmake'
[0.334s] Level 1:colcon.colcon_core.package_identification:_identify(tasc_autonomy/test) by extension 'python'
[0.334s] Level 1:colcon.colcon_core.package_identification:_identify(tasc_autonomy/test) by extensions ['python_setup_py']
[0.334s] Level 1:colcon.colcon_core.package_identification:_identify(tasc_autonomy/test) by extension 'python_setup_py'
[0.334s] Level 1:colcon.colcon_core.package_discovery:discover_packages(recursive) using defaults
[0.335s] Level 1:colcon.colcon_core.package_discovery:discover_packages(ignore) discover
[0.335s] Level 1:colcon.colcon_core.package_discovery:discover_packages(ignore) using defaults
[0.335s] Level 1:colcon.colcon_core.package_discovery:discover_packages(path) discover
[0.335s] Level 1:colcon.colcon_core.package_discovery:discover_packages(path) using defaults
[0.379s] INFO:colcon.colcon_core.package_selection:Skipping not selected package 'autonomy_sensors' in 'tasc_autonomy/autonomy_sensors'
[0.379s] INFO:colcon.colcon_core.package_selection:Skipping not selected package 'giskard_description' in 'tasc_autonomy/giskard_description'
[0.380s] INFO:colcon.colcon_core.package_selection:Skipping not selected package 'giskard_gazebo' in 'tasc_autonomy/giskard_gazebo'
[0.380s] Level 1:colcon.colcon_core.package_discovery:discover_packages(prefix_path) check parameters
[0.380s] Level 1:colcon.colcon_core.package_discovery:discover_packages(prefix_path) discover
[0.383s] DEBUG:colcon.colcon_installed_package_information.package_discovery:Found 4 installed packages in /home/mnt/Desktop/tasc_autonav_combined/install
[0.385s] DEBUG:colcon.colcon_installed_package_information.package_discovery:Found 276 installed packages in /opt/ros/humble
[0.386s] Level 1:colcon.colcon_core.package_discovery:discover_packages(prefix_path) using defaults
[0.422s] Level 5:colcon.colcon_core.verb:set package 'autonomy_vision' build argument 'cmake_args' from command line to 'None'
[0.422s] Level 5:colcon.colcon_core.verb:set package 'autonomy_vision' build argument 'cmake_target' from command line to 'None'
[0.422s] Level 5:colcon.colcon_core.verb:set package 'autonomy_vision' build argument 'cmake_target_skip_unavailable' from command line to 'False'
[0.422s] Level 5:colcon.colcon_core.verb:set package 'autonomy_vision' build argument 'cmake_clean_cache' from command line to 'False'
[0.422s] Level 5:colcon.colcon_core.verb:set package 'autonomy_vision' build argument 'cmake_clean_first' from command line to 'False'
[0.422s] Level 5:colcon.colcon_core.verb:set package 'autonomy_vision' build argument 'cmake_force_configure' from command line to 'False'
[0.422s] Level 5:colcon.colcon_core.verb:set package 'autonomy_vision' build argument 'ament_cmake_args' from command line to 'None'
[0.422s] Level 5:colcon.colcon_core.verb:set package 'autonomy_vision' build argument 'catkin_cmake_args' from command line to 'None'
[0.422s] Level 5:colcon.colcon_core.verb:set package 'autonomy_vision' build argument 'catkin_skip_building_tests' from command line to 'False'
[0.422s] DEBUG:colcon.colcon_core.verb:Building package 'autonomy_vision' with the following arguments: {'ament_cmake_args': None, 'build_base': '/home/mnt/Desktop/tasc_autonav_combined/build/autonomy_vision', 'catkin_cmake_args': None, 'catkin_skip_building_tests': False, 'cmake_args': None, 'cmake_clean_cache': False, 'cmake_clean_first': False, 'cmake_force_configure': False, 'cmake_target': None, 'cmake_target_skip_unavailable': False, 'install_base': '/home/mnt/Desktop/tasc_autonav_combined/install/autonomy_vision', 'merge_install': False, 'path': '/home/mnt/Desktop/tasc_autonav_combined/tasc_autonomy/autonomy_vision', 'symlink_install': True, 'test_result_base': None}
[0.423s] INFO:colcon.colcon_core.executor:Executing jobs using 'parallel' executor
[0.424s] DEBUG:colcon.colcon_parallel_executor.executor.parallel:run_until_complete
[0.425s] INFO:colcon.colcon_ros.task.ament_python.build:Building ROS package in '/home/mnt/Desktop/tasc_autonav_combined/tasc_autonomy/autonomy_vision' with build type 'ament_python'
[0.425s] Level 1:colcon.colcon_core.shell:create_environment_hook('autonomy_vision', 'ament_prefix_path')
[0.430s] INFO:colcon.colcon_core.plugin_system:Skipping extension 'colcon_core.shell.bat': Not used on non-Windows systems
[0.431s] INFO:colcon.colcon_core.shell:Creating environment hook '/home/mnt/Desktop/tasc_autonav_combined/install/autonomy_vision/share/autonomy_vision/hook/ament_prefix_path.ps1'
[0.432s] INFO:colcon.colcon_core.shell:Creating environment descriptor '/home/mnt/Desktop/tasc_autonav_combined/install/autonomy_vision/share/autonomy_vision/hook/ament_prefix_path.dsv'
[0.433s] INFO:colcon.colcon_core.shell:Creating environment hook '/home/mnt/Desktop/tasc_autonav_combined/install/autonomy_vision/share/autonomy_vision/hook/ament_prefix_path.sh'
[0.435s] INFO:colcon.colcon_core.shell:Skip shell extension 'powershell' for command environment: Not usable outside of PowerShell
[0.435s] DEBUG:colcon.colcon_core.shell:Skip shell extension 'dsv' for command environment
[0.821s] INFO:colcon.colcon_core.task.python.build:Building Python package in '/home/mnt/Desktop/tasc_autonav_combined/tasc_autonomy/autonomy_vision'
[0.821s] INFO:colcon.colcon_core.shell:Skip shell extension 'powershell' for command environment: Not usable outside of PowerShell
[0.821s] DEBUG:colcon.colcon_core.shell:Skip shell extension 'dsv' for command environment
[1.252s] DEBUG:colcon.colcon_core.event_handler.log_command:Invoking command in '/home/mnt/Desktop/tasc_autonav_combined/build/autonomy_vision': PYTHONPATH=/home/mnt/Desktop/tasc_autonav_combined/build/autonomy_vision/prefix_override:/usr/lib/python3/dist-packages/colcon_core/task/python/colcon_distutils_commands:/home/mnt/Desktop/tasc_autonav_combined/install/autonomy_vision/lib/python3.10/site-packages:${PYTHONPATH} /usr/bin/python3 -W ignore:setup.py install is deprecated -W ignore:easy_install command is deprecated setup.py develop --editable --build-directory /home/mnt/Desktop/tasc_autonav_combined/build/autonomy_vision/build --no-deps symlink_data
[1.771s] Level 1:colcon.colcon_core.shell:create_environment_hook('autonomy_vision', 'pythonpath_develop')
[1.772s] INFO:colcon.colcon_core.shell:Creating environment hook '/home/mnt/Desktop/tasc_autonav_combined/build/autonomy_vision/share/autonomy_vision/hook/pythonpath_develop.ps1'
[1.773s] DEBUG:colcon.colcon_core.event_handler.log_command:Invoked command in '/home/mnt/Desktop/tasc_autonav_combined/build/autonomy_vision' returned '0': PYTHONPATH=/home/mnt/Desktop/tasc_autonav_combined/build/autonomy_vision/prefix_override:/usr/lib/python3/dist-packages/colcon_core/task/python/colcon_distutils_commands:/home/mnt/Desktop/tasc_autonav_combined/install/autonomy_vision/lib/python3.10/site-packages:${PYTHONPATH} /usr/bin/python3 -W ignore:setup.py install is deprecated -W ignore:easy_install command is deprecated setup.py develop --editable --build-directory /home/mnt/Desktop/tasc_autonav_combined/build/autonomy_vision/build --no-deps symlink_data
[1.774s] INFO:colcon.colcon_core.shell:Creating environment descriptor '/home/mnt/Desktop/tasc_autonav_combined/build/autonomy_vision/share/autonomy_vision/hook/pythonpath_develop.dsv'
[1.775s] INFO:colcon.colcon_core.shell:Creating environment hook '/home/mnt/Desktop/tasc_autonav_combined/build/autonomy_vision/share/autonomy_vision/hook/pythonpath_develop.sh'
[1.781s] Level 1:colcon.colcon_core.environment:checking '/home/mnt/Desktop/tasc_autonav_combined/install/autonomy_vision' for CMake module files
[1.781s] Level 1:colcon.colcon_core.environment:checking '/home/mnt/Desktop/tasc_autonav_combined/install/autonomy_vision' for CMake config files
[1.783s] Level 1:colcon.colcon_core.environment:checking '/home/mnt/Desktop/tasc_autonav_combined/install/autonomy_vision/lib'
[1.783s] Level 1:colcon.colcon_core.environment:checking '/home/mnt/Desktop/tasc_autonav_combined/install/autonomy_vision/bin'
[1.783s] Level 1:colcon.colcon_core.environment:checking '/home/mnt/Desktop/tasc_autonav_combined/install/autonomy_vision/lib/pkgconfig/autonomy_vision.pc'
[1.784s] Level 1:colcon.colcon_core.environment:checking '/home/mnt/Desktop/tasc_autonav_combined/install/autonomy_vision/lib/python3.10/site-packages'
[1.784s] Level 1:colcon.colcon_core.shell:create_environment_hook('autonomy_vision', 'pythonpath')
[1.784s] INFO:colcon.colcon_core.shell:Creating environment hook '/home/mnt/Desktop/tasc_autonav_combined/install/autonomy_vision/share/autonomy_vision/hook/pythonpath.ps1'
[1.785s] INFO:colcon.colcon_core.shell:Creating environment descriptor '/home/mnt/Desktop/tasc_autonav_combined/install/autonomy_vision/share/autonomy_vision/hook/pythonpath.dsv'
[1.787s] INFO:colcon.colcon_core.shell:Creating environment hook '/home/mnt/Desktop/tasc_autonav_combined/install/autonomy_vision/share/autonomy_vision/hook/pythonpath.sh'
[1.788s] Level 1:colcon.colcon_core.environment:checking '/home/mnt/Desktop/tasc_autonav_combined/install/autonomy_vision/bin'
[1.788s] Level 1:colcon.colcon_core.environment:create_environment_scripts_only(autonomy_vision)
[1.790s] INFO:colcon.colcon_core.shell:Creating package script '/home/mnt/Desktop/tasc_autonav_combined/install/autonomy_vision/share/autonomy_vision/package.ps1'
[1.792s] INFO:colcon.colcon_core.shell:Creating package descriptor '/home/mnt/Desktop/tasc_autonav_combined/install/autonomy_vision/share/autonomy_vision/package.dsv'
[1.793s] INFO:colcon.colcon_core.shell:Creating package script '/home/mnt/Desktop/tasc_autonav_combined/install/autonomy_vision/share/autonomy_vision/package.sh'
[1.794s] INFO:colcon.colcon_core.shell:Creating package script '/home/mnt/Desktop/tasc_autonav_combined/install/autonomy_vision/share/autonomy_vision/package.bash'
[1.796s] INFO:colcon.colcon_core.shell:Creating package script '/home/mnt/Desktop/tasc_autonav_combined/install/autonomy_vision/share/autonomy_vision/package.zsh'
[1.797s] Level 1:colcon.colcon_core.environment:create_file_with_runtime_dependencies(/home/mnt/Desktop/tasc_autonav_combined/install/autonomy_vision/share/colcon-core/packages/autonomy_vision)
[1.797s] DEBUG:colcon.colcon_parallel_executor.executor.parallel:closing loop
[1.797s] DEBUG:colcon.colcon_parallel_executor.executor.parallel:loop closed
[1.797s] DEBUG:colcon.colcon_parallel_executor.executor.parallel:run_until_complete finished with '0'
[1.797s] DEBUG:colcon.colcon_core.event_reactor:joining thread
[1.825s] INFO:colcon.colcon_core.plugin_system:Skipping extension 'colcon_notification.desktop_notification.terminal_notifier': Not used on non-Darwin systems
[1.826s] INFO:colcon.colcon_core.plugin_system:Skipping extension 'colcon_notification.desktop_notification.win32': Not used on non-Windows systems
[1.826s] INFO:colcon.colcon_notification.desktop_notification:Sending desktop notification using 'notify2'
[1.871s] DEBUG:colcon.colcon_core.event_reactor:joined thread
[1.871s] INFO:colcon.colcon_core.shell:Creating prefix script '/home/mnt/Desktop/tasc_autonav_combined/install/local_setup.ps1'
[1.876s] INFO:colcon.colcon_core.shell:Creating prefix util module '/home/mnt/Desktop/tasc_autonav_combined/install/_local_setup_util_ps1.py'
[1.878s] INFO:colcon.colcon_core.shell:Creating prefix chain script '/home/mnt/Desktop/tasc_autonav_combined/install/setup.ps1'
[1.882s] INFO:colcon.colcon_core.shell:Creating prefix script '/home/mnt/Desktop/tasc_autonav_combined/install/local_setup.sh'
[1.883s] INFO:colcon.colcon_core.shell:Creating prefix util module '/home/mnt/Desktop/tasc_autonav_combined/install/_local_setup_util_sh.py'
[1.890s] INFO:colcon.colcon_core.shell:Creating prefix chain script '/home/mnt/Desktop/tasc_autonav_combined/install/setup.sh'
[1.891s] INFO:colcon.colcon_core.shell:Creating prefix script '/home/mnt/Desktop/tasc_autonav_combined/install/local_setup.bash'
[1.892s] INFO:colcon.colcon_core.shell:Creating prefix chain script '/home/mnt/Desktop/tasc_autonav_combined/install/setup.bash'
[1.895s] INFO:colcon.colcon_core.shell:Creating prefix script '/home/mnt/Desktop/tasc_autonav_combined/install/local_setup.zsh'
[1.896s] INFO:colcon.colcon_core.shell:Creating prefix chain script '/home/mnt/Desktop/tasc_autonav_combined/install/setup.zsh'
