[0.862s] Invoking command in '/home/mnt/Desktop/tasc_autonav_combined/build/autonomy_vision': PYTHONPATH=/home/mnt/Desktop/tasc_autonav_combined/build/autonomy_vision/prefix_override:/usr/lib/python3/dist-packages/colcon_core/task/python/colcon_distutils_commands:/home/mnt/Desktop/tasc_autonav_combined/install/autonomy_vision/lib/python3.10/site-packages:${PYTHONPATH} /usr/bin/python3 -W ignore:setup.py install is deprecated -W ignore:easy_install command is deprecated setup.py develop --editable --build-directory /home/mnt/Desktop/tasc_autonav_combined/build/autonomy_vision/build --no-deps symlink_data
[1.145s] running develop
[1.314s] running egg_info
[1.314s] writing autonomy_vision.egg-info/PKG-INFO
[1.315s] writing dependency_links to autonomy_vision.egg-info/dependency_links.txt
[1.315s] writing entry points to autonomy_vision.egg-info/entry_points.txt
[1.315s] writing requirements to autonomy_vision.egg-info/requires.txt
[1.316s] writing top-level names to autonomy_vision.egg-info/top_level.txt
[1.318s] reading manifest file 'autonomy_vision.egg-info/SOURCES.txt'
[1.320s] writing manifest file 'autonomy_vision.egg-info/SOURCES.txt'
[1.322s] running build_ext
[1.323s] Creating /home/mnt/Desktop/tasc_autonav_combined/install/autonomy_vision/lib/python3.10/site-packages/autonomy-vision.egg-link (link to .)
[1.327s] Installing morse_code_detector script to /home/mnt/Desktop/tasc_autonav_combined/install/autonomy_vision/lib/autonomy_vision
[1.328s] Installing webcam_detection2D script to /home/mnt/Desktop/tasc_autonav_combined/install/autonomy_vision/lib/autonomy_vision
[1.328s] Installing yolo_depth_v1 script to /home/mnt/Desktop/tasc_autonav_combined/install/autonomy_vision/lib/autonomy_vision
[1.328s] Installing yolo_pc script to /home/mnt/Desktop/tasc_autonav_combined/install/autonomy_vision/lib/autonomy_vision
[1.328s] 
[1.328s] Installed /home/mnt/Desktop/tasc_autonav_combined/build/autonomy_vision
[1.328s] running symlink_data
[1.378s] Invoked command in '/home/mnt/Desktop/tasc_autonav_combined/build/autonomy_vision' returned '0': PYTHONPATH=/home/mnt/Desktop/tasc_autonav_combined/build/autonomy_vision/prefix_override:/usr/lib/python3/dist-packages/colcon_core/task/python/colcon_distutils_commands:/home/mnt/Desktop/tasc_autonav_combined/install/autonomy_vision/lib/python3.10/site-packages:${PYTHONPATH} /usr/bin/python3 -W ignore:setup.py install is deprecated -W ignore:easy_install command is deprecated setup.py develop --editable --build-directory /home/mnt/Desktop/tasc_autonav_combined/build/autonomy_vision/build --no-deps symlink_data
