[1.520s] Invoking command in '/home/mnt/Desktop/tasc_autonav_combined/tasc_autonomy/autonomy_sensors': PYTHONPATH=/home/mnt/Desktop/tasc_autonav_combined/build/autonomy_sensors/prefix_override:/usr/lib/python3/dist-packages/colcon_core/task/python/colcon_distutils_commands:/home/mnt/Desktop/tasc_autonav_combined/install/autonomy_sensors/lib/python3.10/site-packages:${PYTHONPATH} /usr/bin/python3 -W ignore:setup.py install is deprecated -W ignore:easy_install command is deprecated setup.py egg_info --egg-base ../../build/autonomy_sensors build --build-base /home/mnt/Desktop/tasc_autonav_combined/build/autonomy_sensors/build install --record /home/mnt/Desktop/tasc_autonav_combined/build/autonomy_sensors/install.log --single-version-externally-managed install_data
[2.114s] running egg_info
[2.114s] creating ../../build/autonomy_sensors/autonomy_sensors.egg-info
[2.122s] writing ../../build/autonomy_sensors/autonomy_sensors.egg-info/PKG-INFO
[2.122s] writing dependency_links to ../../build/autonomy_sensors/autonomy_sensors.egg-info/dependency_links.txt
[2.122s] writing entry points to ../../build/autonomy_sensors/autonomy_sensors.egg-info/entry_points.txt
[2.122s] writing requirements to ../../build/autonomy_sensors/autonomy_sensors.egg-info/requires.txt
[2.123s] writing top-level names to ../../build/autonomy_sensors/autonomy_sensors.egg-info/top_level.txt
[2.123s] writing manifest file '../../build/autonomy_sensors/autonomy_sensors.egg-info/SOURCES.txt'
[2.128s] reading manifest file '../../build/autonomy_sensors/autonomy_sensors.egg-info/SOURCES.txt'
[2.128s] adding license file 'LICENSE'
[2.141s] writing manifest file '../../build/autonomy_sensors/autonomy_sensors.egg-info/SOURCES.txt'
[2.145s] running build
[2.145s] running build_py
[2.145s] creating /home/mnt/Desktop/tasc_autonav_combined/build/autonomy_sensors/build
[2.145s] creating /home/mnt/Desktop/tasc_autonav_combined/build/autonomy_sensors/build/lib
[2.145s] creating /home/mnt/Desktop/tasc_autonav_combined/build/autonomy_sensors/build/lib/autonomy_sensors
[2.145s] copying autonomy_sensors/imu_node.py -> /home/mnt/Desktop/tasc_autonav_combined/build/autonomy_sensors/build/lib/autonomy_sensors
[2.145s] copying autonomy_sensors/gps_imu_broadcaster.py -> /home/mnt/Desktop/tasc_autonav_combined/build/autonomy_sensors/build/lib/autonomy_sensors
[2.145s] copying autonomy_sensors/gps_node_AS.py -> /home/mnt/Desktop/tasc_autonav_combined/build/autonomy_sensors/build/lib/autonomy_sensors
[2.145s] copying autonomy_sensors/gps_node.py -> /home/mnt/Desktop/tasc_autonav_combined/build/autonomy_sensors/build/lib/autonomy_sensors
[2.145s] copying autonomy_sensors/__init__.py -> /home/mnt/Desktop/tasc_autonav_combined/build/autonomy_sensors/build/lib/autonomy_sensors
[2.145s] running install
[2.145s] running install_lib
[2.168s] creating /home/mnt/Desktop/tasc_autonav_combined/install/autonomy_sensors/lib/python3.10/site-packages/autonomy_sensors
[2.168s] copying /home/mnt/Desktop/tasc_autonav_combined/build/autonomy_sensors/build/lib/autonomy_sensors/imu_node.py -> /home/mnt/Desktop/tasc_autonav_combined/install/autonomy_sensors/lib/python3.10/site-packages/autonomy_sensors
[2.168s] copying /home/mnt/Desktop/tasc_autonav_combined/build/autonomy_sensors/build/lib/autonomy_sensors/gps_imu_broadcaster.py -> /home/mnt/Desktop/tasc_autonav_combined/install/autonomy_sensors/lib/python3.10/site-packages/autonomy_sensors
[2.168s] copying /home/mnt/Desktop/tasc_autonav_combined/build/autonomy_sensors/build/lib/autonomy_sensors/gps_node_AS.py -> /home/mnt/Desktop/tasc_autonav_combined/install/autonomy_sensors/lib/python3.10/site-packages/autonomy_sensors
[2.168s] copying /home/mnt/Desktop/tasc_autonav_combined/build/autonomy_sensors/build/lib/autonomy_sensors/gps_node.py -> /home/mnt/Desktop/tasc_autonav_combined/install/autonomy_sensors/lib/python3.10/site-packages/autonomy_sensors
[2.169s] copying /home/mnt/Desktop/tasc_autonav_combined/build/autonomy_sensors/build/lib/autonomy_sensors/__init__.py -> /home/mnt/Desktop/tasc_autonav_combined/install/autonomy_sensors/lib/python3.10/site-packages/autonomy_sensors
[2.178s] byte-compiling /home/mnt/Desktop/tasc_autonav_combined/install/autonomy_sensors/lib/python3.10/site-packages/autonomy_sensors/imu_node.py to imu_node.cpython-310.pyc
[2.203s] byte-compiling /home/mnt/Desktop/tasc_autonav_combined/install/autonomy_sensors/lib/python3.10/site-packages/autonomy_sensors/gps_imu_broadcaster.py to gps_imu_broadcaster.cpython-310.pyc
[2.218s] byte-compiling /home/mnt/Desktop/tasc_autonav_combined/install/autonomy_sensors/lib/python3.10/site-packages/autonomy_sensors/gps_node_AS.py to gps_node_AS.cpython-310.pyc
[2.220s] byte-compiling /home/mnt/Desktop/tasc_autonav_combined/install/autonomy_sensors/lib/python3.10/site-packages/autonomy_sensors/gps_node.py to gps_node.cpython-310.pyc
[2.227s] byte-compiling /home/mnt/Desktop/tasc_autonav_combined/install/autonomy_sensors/lib/python3.10/site-packages/autonomy_sensors/__init__.py to __init__.cpython-310.pyc
[2.245s] running install_data
[2.248s] creating /home/mnt/Desktop/tasc_autonav_combined/install/autonomy_sensors/share/ament_index
[2.248s] creating /home/mnt/Desktop/tasc_autonav_combined/install/autonomy_sensors/share/ament_index/resource_index
[2.248s] creating /home/mnt/Desktop/tasc_autonav_combined/install/autonomy_sensors/share/ament_index/resource_index/packages
[2.249s] copying resource/autonomy_sensors -> /home/mnt/Desktop/tasc_autonav_combined/install/autonomy_sensors/share/ament_index/resource_index/packages
[2.249s] copying package.xml -> /home/mnt/Desktop/tasc_autonav_combined/install/autonomy_sensors/share/autonomy_sensors
[2.249s] creating /home/mnt/Desktop/tasc_autonav_combined/install/autonomy_sensors/share/autonomy_sensors/launch
[2.249s] copying launch/sensors.launch.py -> /home/mnt/Desktop/tasc_autonav_combined/install/autonomy_sensors/share/autonomy_sensors/launch
[2.249s] running install_egg_info
[2.249s] Copying ../../build/autonomy_sensors/autonomy_sensors.egg-info to /home/mnt/Desktop/tasc_autonav_combined/install/autonomy_sensors/lib/python3.10/site-packages/autonomy_sensors-0.0.0-py3.10.egg-info
[2.265s] running install_scripts
[2.320s] Installing gps_imu_broadcaster script to /home/mnt/Desktop/tasc_autonav_combined/install/autonomy_sensors/lib/autonomy_sensors
[2.320s] Installing gps_node script to /home/mnt/Desktop/tasc_autonav_combined/install/autonomy_sensors/lib/autonomy_sensors
[2.320s] Installing imu_node script to /home/mnt/Desktop/tasc_autonav_combined/install/autonomy_sensors/lib/autonomy_sensors
[2.326s] writing list of installed files to '/home/mnt/Desktop/tasc_autonav_combined/build/autonomy_sensors/install.log'
[2.403s] Invoked command in '/home/mnt/Desktop/tasc_autonav_combined/tasc_autonomy/autonomy_sensors' returned '0': PYTHONPATH=/home/mnt/Desktop/tasc_autonav_combined/build/autonomy_sensors/prefix_override:/usr/lib/python3/dist-packages/colcon_core/task/python/colcon_distutils_commands:/home/mnt/Desktop/tasc_autonav_combined/install/autonomy_sensors/lib/python3.10/site-packages:${PYTHONPATH} /usr/bin/python3 -W ignore:setup.py install is deprecated -W ignore:easy_install command is deprecated setup.py egg_info --egg-base ../../build/autonomy_sensors build --build-base /home/mnt/Desktop/tasc_autonav_combined/build/autonomy_sensors/build install --record /home/mnt/Desktop/tasc_autonav_combined/build/autonomy_sensors/install.log --single-version-externally-managed install_data
