[1.723s] Invoking command in '/home/mnt/tasc_autonomy/autonomy_sensors': PYTHONPATH=/home/mnt/tasc_autonomy/build/autonomy_sensors/prefix_override:/usr/lib/python3/dist-packages/colcon_core/task/python/colcon_distutils_commands:/home/mnt/tasc_autonomy/install/autonomy_sensors/lib/python3.10/site-packages:${PYTHONPATH} /usr/bin/python3 -W ignore:setup.py install is deprecated -W ignore:easy_install command is deprecated setup.py egg_info --egg-base ../build/autonomy_sensors build --build-base /home/mnt/tasc_autonomy/build/autonomy_sensors/build install --record /home/mnt/tasc_autonomy/build/autonomy_sensors/install.log --single-version-externally-managed install_data
[2.060s] running egg_info
[2.061s] creating ../build/autonomy_sensors/autonomy_sensors.egg-info
[2.062s] writing ../build/autonomy_sensors/autonomy_sensors.egg-info/PKG-INFO
[2.063s] writing dependency_links to ../build/autonomy_sensors/autonomy_sensors.egg-info/dependency_links.txt
[2.063s] writing entry points to ../build/autonomy_sensors/autonomy_sensors.egg-info/entry_points.txt
[2.063s] writing requirements to ../build/autonomy_sensors/autonomy_sensors.egg-info/requires.txt
[2.063s] writing top-level names to ../build/autonomy_sensors/autonomy_sensors.egg-info/top_level.txt
[2.064s] writing manifest file '../build/autonomy_sensors/autonomy_sensors.egg-info/SOURCES.txt'
[2.068s] reading manifest file '../build/autonomy_sensors/autonomy_sensors.egg-info/SOURCES.txt'
[2.069s] adding license file 'LICENSE'
[2.069s] writing manifest file '../build/autonomy_sensors/autonomy_sensors.egg-info/SOURCES.txt'
[2.069s] running build
[2.069s] running build_py
[2.070s] creating /home/mnt/tasc_autonomy/build/autonomy_sensors/build
[2.070s] creating /home/mnt/tasc_autonomy/build/autonomy_sensors/build/lib
[2.070s] creating /home/mnt/tasc_autonomy/build/autonomy_sensors/build/lib/autonomy_sensors
[2.070s] copying autonomy_sensors/gps_broadcaster.py -> /home/mnt/tasc_autonomy/build/autonomy_sensors/build/lib/autonomy_sensors
[2.070s] copying autonomy_sensors/gps_frame_fixer.py -> /home/mnt/tasc_autonomy/build/autonomy_sensors/build/lib/autonomy_sensors
[2.071s] copying autonomy_sensors/diff_drive_odom.py -> /home/mnt/tasc_autonomy/build/autonomy_sensors/build/lib/autonomy_sensors
[2.071s] copying autonomy_sensors/gps_imu_broadcaster.py -> /home/mnt/tasc_autonomy/build/autonomy_sensors/build/lib/autonomy_sensors
[2.071s] copying autonomy_sensors/path_publisher.py -> /home/mnt/tasc_autonomy/build/autonomy_sensors/build/lib/autonomy_sensors
[2.071s] copying autonomy_sensors/__init__.py -> /home/mnt/tasc_autonomy/build/autonomy_sensors/build/lib/autonomy_sensors
[2.071s] running install
[2.071s] running install_lib
[2.071s] creating /home/mnt/tasc_autonomy/install/autonomy_sensors/lib/python3.10/site-packages/autonomy_sensors
[2.072s] copying /home/mnt/tasc_autonomy/build/autonomy_sensors/build/lib/autonomy_sensors/gps_broadcaster.py -> /home/mnt/tasc_autonomy/install/autonomy_sensors/lib/python3.10/site-packages/autonomy_sensors
[2.072s] copying /home/mnt/tasc_autonomy/build/autonomy_sensors/build/lib/autonomy_sensors/gps_frame_fixer.py -> /home/mnt/tasc_autonomy/install/autonomy_sensors/lib/python3.10/site-packages/autonomy_sensors
[2.072s] copying /home/mnt/tasc_autonomy/build/autonomy_sensors/build/lib/autonomy_sensors/diff_drive_odom.py -> /home/mnt/tasc_autonomy/install/autonomy_sensors/lib/python3.10/site-packages/autonomy_sensors
[2.074s] copying /home/mnt/tasc_autonomy/build/autonomy_sensors/build/lib/autonomy_sensors/gps_imu_broadcaster.py -> /home/mnt/tasc_autonomy/install/autonomy_sensors/lib/python3.10/site-packages/autonomy_sensors
[2.074s] copying /home/mnt/tasc_autonomy/build/autonomy_sensors/build/lib/autonomy_sensors/path_publisher.py -> /home/mnt/tasc_autonomy/install/autonomy_sensors/lib/python3.10/site-packages/autonomy_sensors
[2.077s] copying /home/mnt/tasc_autonomy/build/autonomy_sensors/build/lib/autonomy_sensors/__init__.py -> /home/mnt/tasc_autonomy/install/autonomy_sensors/lib/python3.10/site-packages/autonomy_sensors
[2.077s] byte-compiling /home/mnt/tasc_autonomy/install/autonomy_sensors/lib/python3.10/site-packages/autonomy_sensors/gps_broadcaster.py to gps_broadcaster.cpython-310.pyc
[2.077s] byte-compiling /home/mnt/tasc_autonomy/install/autonomy_sensors/lib/python3.10/site-packages/autonomy_sensors/gps_frame_fixer.py to gps_frame_fixer.cpython-310.pyc
[2.077s] byte-compiling /home/mnt/tasc_autonomy/install/autonomy_sensors/lib/python3.10/site-packages/autonomy_sensors/diff_drive_odom.py to diff_drive_odom.cpython-310.pyc
[2.078s] byte-compiling /home/mnt/tasc_autonomy/install/autonomy_sensors/lib/python3.10/site-packages/autonomy_sensors/gps_imu_broadcaster.py to gps_imu_broadcaster.cpython-310.pyc
[2.078s] byte-compiling /home/mnt/tasc_autonomy/install/autonomy_sensors/lib/python3.10/site-packages/autonomy_sensors/path_publisher.py to path_publisher.cpython-310.pyc
[2.078s] byte-compiling /home/mnt/tasc_autonomy/install/autonomy_sensors/lib/python3.10/site-packages/autonomy_sensors/__init__.py to __init__.cpython-310.pyc
[2.079s] running install_data
[2.079s] creating /home/mnt/tasc_autonomy/install/autonomy_sensors/share/ament_index
[2.079s] creating /home/mnt/tasc_autonomy/install/autonomy_sensors/share/ament_index/resource_index
[2.079s] creating /home/mnt/tasc_autonomy/install/autonomy_sensors/share/ament_index/resource_index/packages
[2.079s] copying resource/autonomy_sensors -> /home/mnt/tasc_autonomy/install/autonomy_sensors/share/ament_index/resource_index/packages
[2.080s] copying package.xml -> /home/mnt/tasc_autonomy/install/autonomy_sensors/share/autonomy_sensors
[2.080s] running install_egg_info
[2.080s] Copying ../build/autonomy_sensors/autonomy_sensors.egg-info to /home/mnt/tasc_autonomy/install/autonomy_sensors/lib/python3.10/site-packages/autonomy_sensors-0.0.0-py3.10.egg-info
[2.080s] running install_scripts
[2.101s] Installing gps_broadcaster script to /home/mnt/tasc_autonomy/install/autonomy_sensors/lib/autonomy_sensors
[2.101s] Installing gps_frame_fixer script to /home/mnt/tasc_autonomy/install/autonomy_sensors/lib/autonomy_sensors
[2.102s] Installing path_publisher script to /home/mnt/tasc_autonomy/install/autonomy_sensors/lib/autonomy_sensors
[2.102s] writing list of installed files to '/home/mnt/tasc_autonomy/build/autonomy_sensors/install.log'
[2.169s] Invoked command in '/home/mnt/tasc_autonomy/autonomy_sensors' returned '0': PYTHONPATH=/home/mnt/tasc_autonomy/build/autonomy_sensors/prefix_override:/usr/lib/python3/dist-packages/colcon_core/task/python/colcon_distutils_commands:/home/mnt/tasc_autonomy/install/autonomy_sensors/lib/python3.10/site-packages:${PYTHONPATH} /usr/bin/python3 -W ignore:setup.py install is deprecated -W ignore:easy_install command is deprecated setup.py egg_info --egg-base ../build/autonomy_sensors build --build-base /home/mnt/tasc_autonomy/build/autonomy_sensors/build install --record /home/mnt/tasc_autonomy/build/autonomy_sensors/install.log --single-version-externally-managed install_data
