[0.140s] DEBUG:colcon:Command line arguments: ['/usr/bin/colcon', 'build', '--packages-select', 'autonomy_sensors', '--symlink-install']
[0.140s] DEBUG:colcon:Parsed command line arguments: Namespace(log_base=None, log_level=None, verb_name='build', build_base='build', install_base='install', merge_install=False, symlink_install=True, test_result_base=None, continue_on_error=False, executor='parallel', parallel_workers=4, event_handlers=None, ignore_user_meta=False, metas=['./colcon.meta'], base_paths=['.'], packages_ignore=None, packages_ignore_regex=None, paths=None, packages_up_to=None, packages_up_to_regex=None, packages_above=None, packages_above_and_dependencies=None, packages_above_depth=None, packages_select_by_dep=None, packages_skip_by_dep=None, packages_skip_up_to=None, packages_select_build_failed=False, packages_skip_build_finished=False, packages_select_test_failures=False, packages_skip_test_passed=False, packages_select=['autonomy_sensors'], packages_skip=None, packages_select_regex=None, packages_skip_regex=None, packages_start=None, packages_end=None, allow_overriding=[], cmake_args=None, cmake_target=None, cmake_target_skip_unavailable=False, cmake_clean_cache=False, cmake_clean_first=False, cmake_force_configure=False, ament_cmake_args=None, catkin_cmake_args=None, catkin_skip_building_tests=False, mixin_files=None, mixin=None, verb_parser=<colcon_mixin.mixin.mixin_argument.MixinArgumentDecorator object at 0x717aa0cd2cb0>, verb_extension=<colcon_core.verb.build.BuildVerb object at 0x717aa0e5fcd0>, main=<bound method BuildVerb.main of <colcon_core.verb.build.BuildVerb object at 0x717aa0e5fcd0>>, mixin_verb=('build',))
[0.357s] Level 1:colcon.colcon_core.package_discovery:discover_packages(colcon_meta) check parameters
[0.357s] Level 1:colcon.colcon_core.package_discovery:discover_packages(recursive) check parameters
[0.357s] Level 1:colcon.colcon_core.package_discovery:discover_packages(ignore) check parameters
[0.357s] Level 1:colcon.colcon_core.package_discovery:discover_packages(path) check parameters
[0.357s] Level 1:colcon.colcon_core.package_discovery:discover_packages(colcon_meta) discover
[0.357s] Level 1:colcon.colcon_core.package_discovery:discover_packages(recursive) discover
[0.357s] INFO:colcon.colcon_core.package_discovery:Crawling recursively for packages in '/home/mnt/Desktop/tasc_autonav_combined'
[0.357s] Level 1:colcon.colcon_core.package_identification:_identify(.) by extensions ['ignore', 'ignore_ament_install']
[0.358s] Level 1:colcon.colcon_core.package_identification:_identify(.) by extension 'ignore'
[0.358s] Level 1:colcon.colcon_core.package_identification:_identify(.) by extension 'ignore_ament_install'
[0.358s] Level 1:colcon.colcon_core.package_identification:_identify(.) by extensions ['colcon_pkg']
[0.358s] Level 1:colcon.colcon_core.package_identification:_identify(.) by extension 'colcon_pkg'
[0.358s] Level 1:colcon.colcon_core.package_identification:_identify(.) by extensions ['colcon_meta']
[0.358s] Level 1:colcon.colcon_core.package_identification:_identify(.) by extension 'colcon_meta'
[0.358s] Level 1:colcon.colcon_core.package_identification:_identify(.) by extensions ['ros']
[0.358s] Level 1:colcon.colcon_core.package_identification:_identify(.) by extension 'ros'
[0.370s] Level 1:colcon.colcon_core.package_identification:_identify(.) by extensions ['cmake', 'python']
[0.370s] Level 1:colcon.colcon_core.package_identification:_identify(.) by extension 'cmake'
[0.370s] Level 1:colcon.colcon_core.package_identification:_identify(.) by extension 'python'
[0.370s] Level 1:colcon.colcon_core.package_identification:_identify(.) by extensions ['python_setup_py']
[0.370s] Level 1:colcon.colcon_core.package_identification:_identify(.) by extension 'python_setup_py'
[0.370s] Level 1:colcon.colcon_core.package_identification:_identify(build) by extensions ['ignore', 'ignore_ament_install']
[0.370s] Level 1:colcon.colcon_core.package_identification:_identify(build) by extension 'ignore'
[0.371s] Level 1:colcon.colcon_core.package_identification:_identify(build) ignored
[0.371s] Level 1:colcon.colcon_core.package_identification:_identify(install) by extensions ['ignore', 'ignore_ament_install']
[0.371s] Level 1:colcon.colcon_core.package_identification:_identify(install) by extension 'ignore'
[0.371s] Level 1:colcon.colcon_core.package_identification:_identify(install) ignored
[0.371s] Level 1:colcon.colcon_core.package_identification:_identify(log) by extensions ['ignore', 'ignore_ament_install']
[0.371s] Level 1:colcon.colcon_core.package_identification:_identify(log) by extension 'ignore'
[0.371s] Level 1:colcon.colcon_core.package_identification:_identify(log) ignored
[0.372s] Level 1:colcon.colcon_core.package_identification:_identify(tasc_autonomy) by extensions ['ignore', 'ignore_ament_install']
[0.372s] Level 1:colcon.colcon_core.package_identification:_identify(tasc_autonomy) by extension 'ignore'
[0.372s] Level 1:colcon.colcon_core.package_identification:_identify(tasc_autonomy) by extension 'ignore_ament_install'
[0.372s] Level 1:colcon.colcon_core.package_identification:_identify(tasc_autonomy) by extensions ['colcon_pkg']
[0.372s] Level 1:colcon.colcon_core.package_identification:_identify(tasc_autonomy) by extension 'colcon_pkg'
[0.372s] Level 1:colcon.colcon_core.package_identification:_identify(tasc_autonomy) by extensions ['colcon_meta']
[0.372s] Level 1:colcon.colcon_core.package_identification:_identify(tasc_autonomy) by extension 'colcon_meta'
[0.372s] Level 1:colcon.colcon_core.package_identification:_identify(tasc_autonomy) by extensions ['ros']
[0.372s] Level 1:colcon.colcon_core.package_identification:_identify(tasc_autonomy) by extension 'ros'
[0.372s] Level 1:colcon.colcon_core.package_identification:_identify(tasc_autonomy) by extensions ['cmake', 'python']
[0.372s] Level 1:colcon.colcon_core.package_identification:_identify(tasc_autonomy) by extension 'cmake'
[0.372s] Level 1:colcon.colcon_core.package_identification:_identify(tasc_autonomy) by extension 'python'
[0.372s] Level 1:colcon.colcon_core.package_identification:_identify(tasc_autonomy) by extensions ['python_setup_py']
[0.372s] Level 1:colcon.colcon_core.package_identification:_identify(tasc_autonomy) by extension 'python_setup_py'
[0.373s] Level 1:colcon.colcon_core.package_identification:_identify(tasc_autonomy/autonomy_sensors) by extensions ['ignore', 'ignore_ament_install']
[0.373s] Level 1:colcon.colcon_core.package_identification:_identify(tasc_autonomy/autonomy_sensors) by extension 'ignore'
[0.373s] Level 1:colcon.colcon_core.package_identification:_identify(tasc_autonomy/autonomy_sensors) by extension 'ignore_ament_install'
[0.373s] Level 1:colcon.colcon_core.package_identification:_identify(tasc_autonomy/autonomy_sensors) by extensions ['colcon_pkg']
[0.373s] Level 1:colcon.colcon_core.package_identification:_identify(tasc_autonomy/autonomy_sensors) by extension 'colcon_pkg'
[0.373s] Level 1:colcon.colcon_core.package_identification:_identify(tasc_autonomy/autonomy_sensors) by extensions ['colcon_meta']
[0.373s] Level 1:colcon.colcon_core.package_identification:_identify(tasc_autonomy/autonomy_sensors) by extension 'colcon_meta'
[0.373s] Level 1:colcon.colcon_core.package_identification:_identify(tasc_autonomy/autonomy_sensors) by extensions ['ros']
[0.373s] Level 1:colcon.colcon_core.package_identification:_identify(tasc_autonomy/autonomy_sensors) by extension 'ros'
[0.377s] DEBUG:colcon.colcon_core.package_identification:Package 'tasc_autonomy/autonomy_sensors' with type 'ros.ament_python' and name 'autonomy_sensors'
[0.377s] Level 1:colcon.colcon_core.package_identification:_identify(tasc_autonomy/autonomy_vision) by extensions ['ignore', 'ignore_ament_install']
[0.377s] Level 1:colcon.colcon_core.package_identification:_identify(tasc_autonomy/autonomy_vision) by extension 'ignore'
[0.377s] Level 1:colcon.colcon_core.package_identification:_identify(tasc_autonomy/autonomy_vision) by extension 'ignore_ament_install'
[0.377s] Level 1:colcon.colcon_core.package_identification:_identify(tasc_autonomy/autonomy_vision) by extensions ['colcon_pkg']
[0.377s] Level 1:colcon.colcon_core.package_identification:_identify(tasc_autonomy/autonomy_vision) by extension 'colcon_pkg'
[0.377s] Level 1:colcon.colcon_core.package_identification:_identify(tasc_autonomy/autonomy_vision) by extensions ['colcon_meta']
[0.377s] Level 1:colcon.colcon_core.package_identification:_identify(tasc_autonomy/autonomy_vision) by extension 'colcon_meta'
[0.378s] Level 1:colcon.colcon_core.package_identification:_identify(tasc_autonomy/autonomy_vision) by extensions ['ros']
[0.378s] Level 1:colcon.colcon_core.package_identification:_identify(tasc_autonomy/autonomy_vision) by extension 'ros'
[0.378s] DEBUG:colcon.colcon_core.package_identification:Package 'tasc_autonomy/autonomy_vision' with type 'ros.ament_python' and name 'autonomy_vision'
[0.379s] Level 1:colcon.colcon_core.package_identification:_identify(tasc_autonomy/giskard_description) by extensions ['ignore', 'ignore_ament_install']
[0.379s] Level 1:colcon.colcon_core.package_identification:_identify(tasc_autonomy/giskard_description) by extension 'ignore'
[0.379s] Level 1:colcon.colcon_core.package_identification:_identify(tasc_autonomy/giskard_description) by extension 'ignore_ament_install'
[0.379s] Level 1:colcon.colcon_core.package_identification:_identify(tasc_autonomy/giskard_description) by extensions ['colcon_pkg']
[0.379s] Level 1:colcon.colcon_core.package_identification:_identify(tasc_autonomy/giskard_description) by extension 'colcon_pkg'
[0.379s] Level 1:colcon.colcon_core.package_identification:_identify(tasc_autonomy/giskard_description) by extensions ['colcon_meta']
[0.379s] Level 1:colcon.colcon_core.package_identification:_identify(tasc_autonomy/giskard_description) by extension 'colcon_meta'
[0.379s] Level 1:colcon.colcon_core.package_identification:_identify(tasc_autonomy/giskard_description) by extensions ['ros']
[0.379s] Level 1:colcon.colcon_core.package_identification:_identify(tasc_autonomy/giskard_description) by extension 'ros'
[0.380s] DEBUG:colcon.colcon_core.package_identification:Package 'tasc_autonomy/giskard_description' with type 'ros.ament_cmake' and name 'giskard_description'
[0.380s] Level 1:colcon.colcon_core.package_identification:_identify(tasc_autonomy/giskard_gazebo) by extensions ['ignore', 'ignore_ament_install']
[0.380s] Level 1:colcon.colcon_core.package_identification:_identify(tasc_autonomy/giskard_gazebo) by extension 'ignore'
[0.380s] Level 1:colcon.colcon_core.package_identification:_identify(tasc_autonomy/giskard_gazebo) by extension 'ignore_ament_install'
[0.380s] Level 1:colcon.colcon_core.package_identification:_identify(tasc_autonomy/giskard_gazebo) by extensions ['colcon_pkg']
[0.380s] Level 1:colcon.colcon_core.package_identification:_identify(tasc_autonomy/giskard_gazebo) by extension 'colcon_pkg'
[0.380s] Level 1:colcon.colcon_core.package_identification:_identify(tasc_autonomy/giskard_gazebo) by extensions ['colcon_meta']
[0.380s] Level 1:colcon.colcon_core.package_identification:_identify(tasc_autonomy/giskard_gazebo) by extension 'colcon_meta'
[0.380s] Level 1:colcon.colcon_core.package_identification:_identify(tasc_autonomy/giskard_gazebo) by extensions ['ros']
[0.380s] Level 1:colcon.colcon_core.package_identification:_identify(tasc_autonomy/giskard_gazebo) by extension 'ros'
[0.381s] DEBUG:colcon.colcon_core.package_identification:Package 'tasc_autonomy/giskard_gazebo' with type 'ros.ament_cmake' and name 'giskard_gazebo'
[0.381s] Level 1:colcon.colcon_core.package_identification:_identify(tasc_autonomy/test) by extensions ['ignore', 'ignore_ament_install']
[0.381s] Level 1:colcon.colcon_core.package_identification:_identify(tasc_autonomy/test) by extension 'ignore'
[0.381s] Level 1:colcon.colcon_core.package_identification:_identify(tasc_autonomy/test) by extension 'ignore_ament_install'
[0.381s] Level 1:colcon.colcon_core.package_identification:_identify(tasc_autonomy/test) by extensions ['colcon_pkg']
[0.381s] Level 1:colcon.colcon_core.package_identification:_identify(tasc_autonomy/test) by extension 'colcon_pkg'
[0.381s] Level 1:colcon.colcon_core.package_identification:_identify(tasc_autonomy/test) by extensions ['colcon_meta']
[0.381s] Level 1:colcon.colcon_core.package_identification:_identify(tasc_autonomy/test) by extension 'colcon_meta'
[0.381s] Level 1:colcon.colcon_core.package_identification:_identify(tasc_autonomy/test) by extensions ['ros']
[0.381s] Level 1:colcon.colcon_core.package_identification:_identify(tasc_autonomy/test) by extension 'ros'
[0.381s] Level 1:colcon.colcon_core.package_identification:_identify(tasc_autonomy/test) by extensions ['cmake', 'python']
[0.381s] Level 1:colcon.colcon_core.package_identification:_identify(tasc_autonomy/test) by extension 'cmake'
[0.381s] Level 1:colcon.colcon_core.package_identification:_identify(tasc_autonomy/test) by extension 'python'
[0.381s] Level 1:colcon.colcon_core.package_identification:_identify(tasc_autonomy/test) by extensions ['python_setup_py']
[0.381s] Level 1:colcon.colcon_core.package_identification:_identify(tasc_autonomy/test) by extension 'python_setup_py'
[0.381s] Level 1:colcon.colcon_core.package_discovery:discover_packages(recursive) using defaults
[0.381s] Level 1:colcon.colcon_core.package_discovery:discover_packages(ignore) discover
[0.381s] Level 1:colcon.colcon_core.package_discovery:discover_packages(ignore) using defaults
[0.382s] Level 1:colcon.colcon_core.package_discovery:discover_packages(path) discover
[0.382s] Level 1:colcon.colcon_core.package_discovery:discover_packages(path) using defaults
[0.416s] INFO:colcon.colcon_core.package_selection:Skipping not selected package 'autonomy_vision' in 'tasc_autonomy/autonomy_vision'
[0.416s] INFO:colcon.colcon_core.package_selection:Skipping not selected package 'giskard_description' in 'tasc_autonomy/giskard_description'
[0.416s] INFO:colcon.colcon_core.package_selection:Skipping not selected package 'giskard_gazebo' in 'tasc_autonomy/giskard_gazebo'
[0.417s] Level 1:colcon.colcon_core.package_discovery:discover_packages(prefix_path) check parameters
[0.417s] Level 1:colcon.colcon_core.package_discovery:discover_packages(prefix_path) discover
[0.419s] DEBUG:colcon.colcon_installed_package_information.package_discovery:Found 4 installed packages in /home/mnt/Desktop/tasc_autonav_combined/install
[0.420s] DEBUG:colcon.colcon_installed_package_information.package_discovery:Found 276 installed packages in /opt/ros/humble
[0.422s] Level 1:colcon.colcon_core.package_discovery:discover_packages(prefix_path) using defaults
[0.461s] Level 5:colcon.colcon_core.verb:set package 'autonomy_sensors' build argument 'cmake_args' from command line to 'None'
[0.461s] Level 5:colcon.colcon_core.verb:set package 'autonomy_sensors' build argument 'cmake_target' from command line to 'None'
[0.462s] Level 5:colcon.colcon_core.verb:set package 'autonomy_sensors' build argument 'cmake_target_skip_unavailable' from command line to 'False'
[0.462s] Level 5:colcon.colcon_core.verb:set package 'autonomy_sensors' build argument 'cmake_clean_cache' from command line to 'False'
[0.462s] Level 5:colcon.colcon_core.verb:set package 'autonomy_sensors' build argument 'cmake_clean_first' from command line to 'False'
[0.462s] Level 5:colcon.colcon_core.verb:set package 'autonomy_sensors' build argument 'cmake_force_configure' from command line to 'False'
[0.462s] Level 5:colcon.colcon_core.verb:set package 'autonomy_sensors' build argument 'ament_cmake_args' from command line to 'None'
[0.462s] Level 5:colcon.colcon_core.verb:set package 'autonomy_sensors' build argument 'catkin_cmake_args' from command line to 'None'
[0.462s] Level 5:colcon.colcon_core.verb:set package 'autonomy_sensors' build argument 'catkin_skip_building_tests' from command line to 'False'
[0.462s] DEBUG:colcon.colcon_core.verb:Building package 'autonomy_sensors' with the following arguments: {'ament_cmake_args': None, 'build_base': '/home/mnt/Desktop/tasc_autonav_combined/build/autonomy_sensors', 'catkin_cmake_args': None, 'catkin_skip_building_tests': False, 'cmake_args': None, 'cmake_clean_cache': False, 'cmake_clean_first': False, 'cmake_force_configure': False, 'cmake_target': None, 'cmake_target_skip_unavailable': False, 'install_base': '/home/mnt/Desktop/tasc_autonav_combined/install/autonomy_sensors', 'merge_install': False, 'path': '/home/mnt/Desktop/tasc_autonav_combined/tasc_autonomy/autonomy_sensors', 'symlink_install': True, 'test_result_base': None}
[0.462s] INFO:colcon.colcon_core.executor:Executing jobs using 'parallel' executor
[0.463s] DEBUG:colcon.colcon_parallel_executor.executor.parallel:run_until_complete
[0.464s] INFO:colcon.colcon_ros.task.ament_python.build:Building ROS package in '/home/mnt/Desktop/tasc_autonav_combined/tasc_autonomy/autonomy_sensors' with build type 'ament_python'
[0.464s] Level 1:colcon.colcon_core.shell:create_environment_hook('autonomy_sensors', 'ament_prefix_path')
[0.466s] INFO:colcon.colcon_core.plugin_system:Skipping extension 'colcon_core.shell.bat': Not used on non-Windows systems
[0.466s] INFO:colcon.colcon_core.shell:Creating environment hook '/home/mnt/Desktop/tasc_autonav_combined/install/autonomy_sensors/share/autonomy_sensors/hook/ament_prefix_path.ps1'
[0.467s] INFO:colcon.colcon_core.shell:Creating environment descriptor '/home/mnt/Desktop/tasc_autonav_combined/install/autonomy_sensors/share/autonomy_sensors/hook/ament_prefix_path.dsv'
[0.468s] INFO:colcon.colcon_core.shell:Creating environment hook '/home/mnt/Desktop/tasc_autonav_combined/install/autonomy_sensors/share/autonomy_sensors/hook/ament_prefix_path.sh'
[0.469s] INFO:colcon.colcon_core.shell:Skip shell extension 'powershell' for command environment: Not usable outside of PowerShell
[0.469s] DEBUG:colcon.colcon_core.shell:Skip shell extension 'dsv' for command environment
[0.865s] INFO:colcon.colcon_core.task.python.build:Building Python package in '/home/mnt/Desktop/tasc_autonav_combined/tasc_autonomy/autonomy_sensors'
[0.866s] INFO:colcon.colcon_core.shell:Skip shell extension 'powershell' for command environment: Not usable outside of PowerShell
[0.866s] DEBUG:colcon.colcon_core.shell:Skip shell extension 'dsv' for command environment
[1.251s] DEBUG:colcon.colcon_core.event_handler.log_command:Invoking command in '/home/mnt/Desktop/tasc_autonav_combined/build/autonomy_sensors': PYTHONPATH=/home/mnt/Desktop/tasc_autonav_combined/build/autonomy_sensors/prefix_override:/usr/lib/python3/dist-packages/colcon_core/task/python/colcon_distutils_commands:/home/mnt/Desktop/tasc_autonav_combined/install/autonomy_sensors/lib/python3.10/site-packages:${PYTHONPATH} /usr/bin/python3 -W ignore:setup.py install is deprecated -W ignore:easy_install command is deprecated setup.py develop --editable --build-directory /home/mnt/Desktop/tasc_autonav_combined/build/autonomy_sensors/build --no-deps symlink_data
[1.761s] Level 1:colcon.colcon_core.shell:create_environment_hook('autonomy_sensors', 'pythonpath_develop')
[1.762s] INFO:colcon.colcon_core.shell:Creating environment hook '/home/mnt/Desktop/tasc_autonav_combined/build/autonomy_sensors/share/autonomy_sensors/hook/pythonpath_develop.ps1'
[1.763s] DEBUG:colcon.colcon_core.event_handler.log_command:Invoked command in '/home/mnt/Desktop/tasc_autonav_combined/build/autonomy_sensors' returned '0': PYTHONPATH=/home/mnt/Desktop/tasc_autonav_combined/build/autonomy_sensors/prefix_override:/usr/lib/python3/dist-packages/colcon_core/task/python/colcon_distutils_commands:/home/mnt/Desktop/tasc_autonav_combined/install/autonomy_sensors/lib/python3.10/site-packages:${PYTHONPATH} /usr/bin/python3 -W ignore:setup.py install is deprecated -W ignore:easy_install command is deprecated setup.py develop --editable --build-directory /home/mnt/Desktop/tasc_autonav_combined/build/autonomy_sensors/build --no-deps symlink_data
[1.764s] INFO:colcon.colcon_core.shell:Creating environment descriptor '/home/mnt/Desktop/tasc_autonav_combined/build/autonomy_sensors/share/autonomy_sensors/hook/pythonpath_develop.dsv'
[1.766s] INFO:colcon.colcon_core.shell:Creating environment hook '/home/mnt/Desktop/tasc_autonav_combined/build/autonomy_sensors/share/autonomy_sensors/hook/pythonpath_develop.sh'
[1.769s] Level 1:colcon.colcon_core.environment:checking '/home/mnt/Desktop/tasc_autonav_combined/install/autonomy_sensors' for CMake module files
[1.769s] Level 1:colcon.colcon_core.environment:checking '/home/mnt/Desktop/tasc_autonav_combined/install/autonomy_sensors' for CMake config files
[1.770s] Level 1:colcon.colcon_core.environment:checking '/home/mnt/Desktop/tasc_autonav_combined/install/autonomy_sensors/lib'
[1.770s] Level 1:colcon.colcon_core.environment:checking '/home/mnt/Desktop/tasc_autonav_combined/install/autonomy_sensors/bin'
[1.770s] Level 1:colcon.colcon_core.environment:checking '/home/mnt/Desktop/tasc_autonav_combined/install/autonomy_sensors/lib/pkgconfig/autonomy_sensors.pc'
[1.770s] Level 1:colcon.colcon_core.environment:checking '/home/mnt/Desktop/tasc_autonav_combined/install/autonomy_sensors/lib/python3.10/site-packages'
[1.770s] Level 1:colcon.colcon_core.shell:create_environment_hook('autonomy_sensors', 'pythonpath')
[1.771s] INFO:colcon.colcon_core.shell:Creating environment hook '/home/mnt/Desktop/tasc_autonav_combined/install/autonomy_sensors/share/autonomy_sensors/hook/pythonpath.ps1'
[1.771s] INFO:colcon.colcon_core.shell:Creating environment descriptor '/home/mnt/Desktop/tasc_autonav_combined/install/autonomy_sensors/share/autonomy_sensors/hook/pythonpath.dsv'
[1.772s] INFO:colcon.colcon_core.shell:Creating environment hook '/home/mnt/Desktop/tasc_autonav_combined/install/autonomy_sensors/share/autonomy_sensors/hook/pythonpath.sh'
[1.773s] Level 1:colcon.colcon_core.environment:checking '/home/mnt/Desktop/tasc_autonav_combined/install/autonomy_sensors/bin'
[1.773s] Level 1:colcon.colcon_core.environment:create_environment_scripts_only(autonomy_sensors)
[1.773s] INFO:colcon.colcon_core.shell:Creating package script '/home/mnt/Desktop/tasc_autonav_combined/install/autonomy_sensors/share/autonomy_sensors/package.ps1'
[1.775s] INFO:colcon.colcon_core.shell:Creating package descriptor '/home/mnt/Desktop/tasc_autonav_combined/install/autonomy_sensors/share/autonomy_sensors/package.dsv'
[1.777s] INFO:colcon.colcon_core.shell:Creating package script '/home/mnt/Desktop/tasc_autonav_combined/install/autonomy_sensors/share/autonomy_sensors/package.sh'
[1.778s] INFO:colcon.colcon_core.shell:Creating package script '/home/mnt/Desktop/tasc_autonav_combined/install/autonomy_sensors/share/autonomy_sensors/package.bash'
[1.780s] INFO:colcon.colcon_core.shell:Creating package script '/home/mnt/Desktop/tasc_autonav_combined/install/autonomy_sensors/share/autonomy_sensors/package.zsh'
[1.781s] Level 1:colcon.colcon_core.environment:create_file_with_runtime_dependencies(/home/mnt/Desktop/tasc_autonav_combined/install/autonomy_sensors/share/colcon-core/packages/autonomy_sensors)
[1.782s] DEBUG:colcon.colcon_parallel_executor.executor.parallel:closing loop
[1.782s] DEBUG:colcon.colcon_parallel_executor.executor.parallel:loop closed
[1.782s] DEBUG:colcon.colcon_parallel_executor.executor.parallel:run_until_complete finished with '0'
[1.783s] DEBUG:colcon.colcon_core.event_reactor:joining thread
[1.795s] INFO:colcon.colcon_core.plugin_system:Skipping extension 'colcon_notification.desktop_notification.terminal_notifier': Not used on non-Darwin systems
[1.795s] INFO:colcon.colcon_core.plugin_system:Skipping extension 'colcon_notification.desktop_notification.win32': Not used on non-Windows systems
[1.795s] INFO:colcon.colcon_notification.desktop_notification:Sending desktop notification using 'notify2'
[1.839s] DEBUG:colcon.colcon_core.event_reactor:joined thread
[1.840s] INFO:colcon.colcon_core.shell:Creating prefix script '/home/mnt/Desktop/tasc_autonav_combined/install/local_setup.ps1'
[1.842s] INFO:colcon.colcon_core.shell:Creating prefix util module '/home/mnt/Desktop/tasc_autonav_combined/install/_local_setup_util_ps1.py'
[1.844s] INFO:colcon.colcon_core.shell:Creating prefix chain script '/home/mnt/Desktop/tasc_autonav_combined/install/setup.ps1'
[1.847s] INFO:colcon.colcon_core.shell:Creating prefix script '/home/mnt/Desktop/tasc_autonav_combined/install/local_setup.sh'
[1.849s] INFO:colcon.colcon_core.shell:Creating prefix util module '/home/mnt/Desktop/tasc_autonav_combined/install/_local_setup_util_sh.py'
[1.851s] INFO:colcon.colcon_core.shell:Creating prefix chain script '/home/mnt/Desktop/tasc_autonav_combined/install/setup.sh'
[1.854s] INFO:colcon.colcon_core.shell:Creating prefix script '/home/mnt/Desktop/tasc_autonav_combined/install/local_setup.bash'
[1.856s] INFO:colcon.colcon_core.shell:Creating prefix chain script '/home/mnt/Desktop/tasc_autonav_combined/install/setup.bash'
[1.859s] INFO:colcon.colcon_core.shell:Creating prefix script '/home/mnt/Desktop/tasc_autonav_combined/install/local_setup.zsh'
[1.862s] INFO:colcon.colcon_core.shell:Creating prefix chain script '/home/mnt/Desktop/tasc_autonav_combined/install/setup.zsh'
