running develop
Removing /home/mnt/Desktop/tasc_autonav_combined/install/autonomy_vision/lib/python3.10/site-packages/autonomy-vision.egg-link (link to .)
running egg_info
writing ../../build/autonomy_vision/autonomy_vision.egg-info/PKG-INFO
writing dependency_links to ../../build/autonomy_vision/autonomy_vision.egg-info/dependency_links.txt
writing entry points to ../../build/autonomy_vision/autonomy_vision.egg-info/entry_points.txt
writing requirements to ../../build/autonomy_vision/autonomy_vision.egg-info/requires.txt
writing top-level names to ../../build/autonomy_vision/autonomy_vision.egg-info/top_level.txt
reading manifest file '../../build/autonomy_vision/autonomy_vision.egg-info/SOURCES.txt'
writing manifest file '../../build/autonomy_vision/autonomy_vision.egg-info/SOURCES.txt'
running build
running build_py
creating /home/mnt/Desktop/tasc_autonav_combined/build/autonomy_vision/build
creating /home/mnt/Desktop/tasc_autonav_combined/build/autonomy_vision/build/lib
creating /home/mnt/Desktop/tasc_autonav_combined/build/autonomy_vision/build/lib/autonomy_vision
copying autonomy_vision/morse_code_detector.py -> /home/mnt/Desktop/tasc_autonav_combined/build/autonomy_vision/build/lib/autonomy_vision
copying autonomy_vision/yolo_pc.py -> /home/mnt/Desktop/tasc_autonav_combined/build/autonomy_vision/build/lib/autonomy_vision
copying autonomy_vision/__init__.py -> /home/mnt/Desktop/tasc_autonav_combined/build/autonomy_vision/build/lib/autonomy_vision
running install
running install_lib
creating /home/mnt/Desktop/tasc_autonav_combined/install/autonomy_vision/lib/python3.10/site-packages/autonomy_vision
copying /home/mnt/Desktop/tasc_autonav_combined/build/autonomy_vision/build/lib/autonomy_vision/morse_code_detector.py -> /home/mnt/Desktop/tasc_autonav_combined/install/autonomy_vision/lib/python3.10/site-packages/autonomy_vision
copying /home/mnt/Desktop/tasc_autonav_combined/build/autonomy_vision/build/lib/autonomy_vision/yolo_pc.py -> /home/mnt/Desktop/tasc_autonav_combined/install/autonomy_vision/lib/python3.10/site-packages/autonomy_vision
copying /home/mnt/Desktop/tasc_autonav_combined/build/autonomy_vision/build/lib/autonomy_vision/__init__.py -> /home/mnt/Desktop/tasc_autonav_combined/install/autonomy_vision/lib/python3.10/site-packages/autonomy_vision
byte-compiling /home/mnt/Desktop/tasc_autonav_combined/install/autonomy_vision/lib/python3.10/site-packages/autonomy_vision/morse_code_detector.py to morse_code_detector.cpython-310.pyc
byte-compiling /home/mnt/Desktop/tasc_autonav_combined/install/autonomy_vision/lib/python3.10/site-packages/autonomy_vision/yolo_pc.py to yolo_pc.cpython-310.pyc
byte-compiling /home/mnt/Desktop/tasc_autonav_combined/install/autonomy_vision/lib/python3.10/site-packages/autonomy_vision/__init__.py to __init__.cpython-310.pyc
running install_data
copying resource/autonomy_vision -> /home/mnt/Desktop/tasc_autonav_combined/install/autonomy_vision/share/ament_index/resource_index/packages
copying package.xml -> /home/mnt/Desktop/tasc_autonav_combined/install/autonomy_vision/share/autonomy_vision
running install_egg_info
Copying ../../build/autonomy_vision/autonomy_vision.egg-info to /home/mnt/Desktop/tasc_autonav_combined/install/autonomy_vision/lib/python3.10/site-packages/autonomy_vision-0.0.0-py3.10.egg-info
running install_scripts
Installing morse_code_detector script to /home/mnt/Desktop/tasc_autonav_combined/install/autonomy_vision/lib/autonomy_vision
Installing webcam_detection2D script to /home/mnt/Desktop/tasc_autonav_combined/install/autonomy_vision/lib/autonomy_vision
Installing yolo_depth_v1 script to /home/mnt/Desktop/tasc_autonav_combined/install/autonomy_vision/lib/autonomy_vision
Installing yolo_pc script to /home/mnt/Desktop/tasc_autonav_combined/install/autonomy_vision/lib/autonomy_vision
writing list of installed files to '/home/mnt/Desktop/tasc_autonav_combined/build/autonomy_vision/install.log'
